Using pre-set license
Built from '2021.3/staging' branch; Version is '2021.3.18f1 (3129e69bc0c7) revision 3221990'; Using compiler version '192829333'; Build Type 'Release'
OS: 'Windows 10  (10.0.19044) 64bit Core' Language: 'es' Physical Memory: 16255 MB
BatchMode: 1, IsHumanControllingUs: 0, StartBugReporterOnCrash: 0, Is64bit: 1, IsPro: 1

COMMAND LINE ARGUMENTS:
E:\Unity\2021.3.18f1\Editor\Unity.exe
-adb2
-batchMode
-noUpm
-name
AssetImportWorker11
-projectPath
E:/WeaponShowCase/WeaponRenderShowCase
-logFile
Logs/AssetImportWorker11.log
-srvPort
63173
Successfully changed project path to: E:/WeaponShowCase/WeaponRenderShowCase
E:/WeaponShowCase/WeaponRenderShowCase
[UnityMemory] Configuration Parameters - Can be set up in boot.config
    "memorysetup-bucket-allocator-granularity=16"
    "memorysetup-bucket-allocator-bucket-count=8"
    "memorysetup-bucket-allocator-block-size=33554432"
    "memorysetup-bucket-allocator-block-count=8"
    "memorysetup-main-allocator-block-size=16777216"
    "memorysetup-thread-allocator-block-size=16777216"
    "memorysetup-gfx-main-allocator-block-size=16777216"
    "memorysetup-gfx-thread-allocator-block-size=16777216"
    "memorysetup-cache-allocator-block-size=4194304"
    "memorysetup-typetree-allocator-block-size=2097152"
    "memorysetup-profiler-bucket-allocator-granularity=16"
    "memorysetup-profiler-bucket-allocator-bucket-count=8"
    "memorysetup-profiler-bucket-allocator-block-size=33554432"
    "memorysetup-profiler-bucket-allocator-block-count=8"
    "memorysetup-profiler-allocator-block-size=16777216"
    "memorysetup-profiler-editor-allocator-block-size=1048576"
    "memorysetup-temp-allocator-size-main=16777216"
    "memorysetup-job-temp-allocator-block-size=2097152"
    "memorysetup-job-temp-allocator-block-size-background=1048576"
    "memorysetup-job-temp-allocator-reduction-small-platforms=262144"
    "memorysetup-temp-allocator-size-background-worker=32768"
    "memorysetup-temp-allocator-size-job-worker=262144"
    "memorysetup-temp-allocator-size-preload-manager=33554432"
    "memorysetup-temp-allocator-size-nav-mesh-worker=65536"
    "memorysetup-temp-allocator-size-audio-worker=65536"
    "memorysetup-temp-allocator-size-cloud-worker=32768"
    "memorysetup-temp-allocator-size-gi-baking-worker=262144"
    "memorysetup-temp-allocator-size-gfx=262144"
Player connection [27628] Host "[IP] 192.168.1.4 [Port] 0 [Flags] 2 [Guid] 1776111431 [EditorId] 1776111431 [Version] 1048832 [Id] WindowsEditor(7,DESKTOP-K4PP8T0) [Debug] 1 [PackageName] WindowsEditor [ProjectName] Editor" joined multi-casting on [225.0.0.222:54997]...

Player connection [27628] Host "[IP] 192.168.1.4 [Port] 0 [Flags] 2 [Guid] 1776111431 [EditorId] 1776111431 [Version] 1048832 [Id] WindowsEditor(7,DESKTOP-K4PP8T0) [Debug] 1 [PackageName] WindowsEditor [ProjectName] Editor" joined alternative multi-casting on [225.0.0.222:34997]...

Refreshing native plugins compatible for Editor in 339.29 ms, found 3 plugins.
Preloading 0 native plugins for Editor in 0.00 ms.
Initialize engine version: 2021.3.18f1 (3129e69bc0c7)
[Subsystems] Discovering subsystems at path E:/Unity/2021.3.18f1/Editor/Data/Resources/UnitySubsystems
[Subsystems] Discovering subsystems at path E:/WeaponShowCase/WeaponRenderShowCase/Assets
GfxDevice: creating device client; threaded=0; jobified=0
Direct3D:
    Version:  Direct3D 11.0 [level 11.1]
    Renderer: NVIDIA GeForce GTX 1070 (ID=0x1ba1)
    Vendor:   NVIDIA
    VRAM:     8074 MB
    Driver:   31.0.15.2849
Initialize mono
Mono path[0] = 'E:/Unity/2021.3.18f1/Editor/Data/Managed'
Mono path[1] = 'E:/Unity/2021.3.18f1/Editor/Data/MonoBleedingEdge/lib/mono/unityjit-win32'
Mono config path = 'E:/Unity/2021.3.18f1/Editor/Data/MonoBleedingEdge/etc'
Using monoOptions --debugger-agent=transport=dt_socket,embedding=1,server=y,suspend=n,address=127.0.0.1:56332
Begin MonoManager ReloadAssembly
Registering precompiled unity dll's ...
Register platform support module: E:/Unity/2021.3.18f1/Editor/Data/PlaybackEngines/WindowsStandaloneSupport/UnityEditor.WindowsStandalone.Extensions.dll
Registered in 0.005246 seconds.
Native extension for WindowsStandalone target not found
Refreshing native plugins compatible for Editor in 273.47 ms, found 3 plugins.
Preloading 0 native plugins for Editor in 0.00 ms.
Mono: successfully reloaded assembly
- Completed reload, in  1.086 seconds
Domain Reload Profiling:
	ReloadAssembly (1087ms)
		BeginReloadAssembly (94ms)
			ExecutionOrderSort (0ms)
			DisableScriptedObjects (0ms)
			BackupInstance (0ms)
			ReleaseScriptingObjects (0ms)
			CreateAndSetChildDomain (1ms)
		EndReloadAssembly (831ms)
			LoadAssemblies (93ms)
			RebuildTransferFunctionScriptingTraits (0ms)
			SetupTypeCache (178ms)
			ReleaseScriptCaches (0ms)
			RebuildScriptCaches (44ms)
			SetupLoadedEditorAssemblies (536ms)
				LogAssemblyErrors (0ms)
				InitializePlatformSupportModulesInManaged (9ms)
				SetLoadedEditorAssemblies (0ms)
				RefreshPlugins (274ms)
				BeforeProcessingInitializeOnLoad (2ms)
				ProcessInitializeOnLoadAttributes (187ms)
				ProcessInitializeOnLoadMethodAttributes (65ms)
				AfterProcessingInitializeOnLoad (0ms)
				EditorAssembliesLoaded (0ms)
			ExecutionOrderSort2 (0ms)
			AwakeInstancesAfterBackupRestoration (0ms)
Platform modules already initialized, skipping
Registering precompiled user dll's ...
Registered in 0.006662 seconds.
Begin MonoManager ReloadAssembly
Symbol file LoadedFromMemory doesn't match image E:\WeaponShowCase\WeaponRenderShowCase\Library\PackageCache\com.unity.visualscripting@1.8.0\Editor\VisualScripting.Core\Dependencies\YamlDotNet\Unity.VisualScripting.YamlDotNet.dll
Symbol file LoadedFromMemory doesn't match image E:\WeaponShowCase\WeaponRenderShowCase\Library\PackageCache\com.unity.visualscripting@1.8.0\Editor\VisualScripting.Core\Dependencies\DotNetZip\Unity.VisualScripting.IonicZip.dll
Native extension for WindowsStandalone target not found
Refreshing native plugins compatible for Editor in 283.42 ms, found 3 plugins.
Preloading 0 native plugins for Editor in 0.00 ms.
Mono: successfully reloaded assembly
- Completed reload, in 11.577 seconds
Domain Reload Profiling:
	ReloadAssembly (11578ms)
		BeginReloadAssembly (281ms)
			ExecutionOrderSort (0ms)
			DisableScriptedObjects (18ms)
			BackupInstance (0ms)
			ReleaseScriptingObjects (0ms)
			CreateAndSetChildDomain (38ms)
		EndReloadAssembly (10921ms)
			LoadAssemblies (2652ms)
			RebuildTransferFunctionScriptingTraits (0ms)
			SetupTypeCache (543ms)
			ReleaseScriptCaches (2ms)
			RebuildScriptCaches (190ms)
			SetupLoadedEditorAssemblies (7471ms)
				LogAssemblyErrors (0ms)
				InitializePlatformSupportModulesInManaged (4ms)
				SetLoadedEditorAssemblies (0ms)
				RefreshPlugins (284ms)
				BeforeProcessingInitializeOnLoad (206ms)
				ProcessInitializeOnLoadAttributes (4810ms)
				ProcessInitializeOnLoadMethodAttributes (2162ms)
				AfterProcessingInitializeOnLoad (4ms)
				EditorAssembliesLoaded (0ms)
			ExecutionOrderSort2 (0ms)
			AwakeInstancesAfterBackupRestoration (12ms)
Platform modules already initialized, skipping
========================================================================
Worker process is ready to serve import requests
Launched and connected shader compiler UnityShaderCompiler.exe after 0.27 seconds
Refreshing native plugins compatible for Editor in 1.90 ms, found 3 plugins.
Preloading 0 native plugins for Editor in 0.00 ms.
Unloading 6443 Unused Serialized files (Serialized files now loaded: 0)
Unloading 142 unused Assets / (11.8 MB). Loaded Objects now: 6799.
Memory consumption went from 392.7 MB to 380.9 MB.
Total: 8.154000 ms (FindLiveObjects: 0.631200 ms CreateObjectMapping: 0.510600 ms MarkObjects: 3.838100 ms  DeleteObjects: 3.173000 ms)

AssetImportParameters requested are different than current active one (requested -> active):
  custom:video-decoder-ogg-theora: a1e56fd34408186e4bbccfd4996cb3dc -> 
  custom:container-muxer-webm: aa71ff27fc2769a1b78a27578f13a17b -> 
  custom:container-demuxer-webm: 4f35f7cbe854078d1ac9338744f61a02 -> 
  custom:video-encoder-webm-vp8: eb34c28f22e8b96e1ab97ce403110664 -> 
  custom:audio-encoder-webm-vorbis: bf7c407c2cedff20999df2af8eb42d56 -> 
  custom:framework-win-MediaFoundation: 216162199b28c13a410421893ffa2e32 -> 
  custom:container-demuxer-ogg: 62fdf1f143b41e24485cea50d1cbac27 -> 
  custom:video-decoder-webm-vp8: 9c59270c3fd7afecdb556c50c9e8de78 -> 
  custom:audio-decoder-ogg-vorbis: bf7c407c2cedff20999df2af8eb42d56 -> 
========================================================================
Received Import Request.
  Time since last request: 254402.168531 seconds.
  path: Assets/LevelTestEnemy.lighting
  artifactKey: Guid(3f7d6350c6d0bbd4eadbf2abe00ce1ec) Importer(815301076,1909f56bfc062723c751e8b465ee728b)
Start importing Assets/LevelTestEnemy.lighting using Guid(3f7d6350c6d0bbd4eadbf2abe00ce1ec) Importer(815301076,1909f56bfc062723c751e8b465ee728b)  -> (artifact id: '5f8e094a2e53226f443b40650c9ecb22') in 0.109338 seconds 
========================================================================
Received Import Request.
  Time since last request: 69.285563 seconds.
  path: Assets/Backround
  artifactKey: Guid(0a4609a988bdab0448a2e2d3b6a21bc6) Importer(815301076,1909f56bfc062723c751e8b465ee728b)
Start importing Assets/Backround using Guid(0a4609a988bdab0448a2e2d3b6a21bc6) Importer(815301076,1909f56bfc062723c751e8b465ee728b)  -> (artifact id: 'cd25b7058526a1e46cf6d001a67235a9') in 0.001588 seconds 
========================================================================
Received Import Request.
  Time since last request: 3.080430 seconds.
  path: Assets/Backround/1539607519_a_dream_mansion_interior__concept_art__realistic.png
  artifactKey: Guid(07bd70e1de57607449e8078de6463ceb) Importer(815301076,1909f56bfc062723c751e8b465ee728b)
Start importing Assets/Backround/1539607519_a_dream_mansion_interior__concept_art__realistic.png using Guid(07bd70e1de57607449e8078de6463ceb) Importer(815301076,1909f56bfc062723c751e8b465ee728b)  -> (artifact id: '57d1f77120626099e56852259ed09614') in 0.337343 seconds 
========================================================================
Received Import Request.
  Time since last request: 2.270047 seconds.
  path: Assets/Backround/a-simple-city-background-chinese-painting-2-dimensional-heart-vfx-347802097.png
  artifactKey: Guid(deda96d2aff4f7249aece5e21df65ad6) Importer(815301076,1909f56bfc062723c751e8b465ee728b)
Start importing Assets/Backround/a-simple-city-background-chinese-painting-2-dimensional-heart-vfx-347802097.png using Guid(deda96d2aff4f7249aece5e21df65ad6) Importer(815301076,1909f56bfc062723c751e8b465ee728b)  -> (artifact id: '4ca71a99f7b16f9db808222b405f9885') in 0.010216 seconds 
========================================================================
Received Import Request.
  Time since last request: 12.804756 seconds.
  path: Assets/Backround/a-simple-city-background-chinese-painting-2-dimensional-heart-vfx-347802097.png
  artifactKey: Guid(deda96d2aff4f7249aece5e21df65ad6) Importer(815301076,1909f56bfc062723c751e8b465ee728b)
Start importing Assets/Backround/a-simple-city-background-chinese-painting-2-dimensional-heart-vfx-347802097.png using Guid(deda96d2aff4f7249aece5e21df65ad6) Importer(815301076,1909f56bfc062723c751e8b465ee728b)  -> (artifact id: 'd76dc5e824cbee8686a83bac531395ec') in 1.191991 seconds 
========================================================================
Received Import Request.
  Time since last request: 3.008412 seconds.
  path: Assets/Backround/a-simple-city-background-2-dimensional-heart-vfx-outer-space-vanishing-point-super-highway-hi-377654675.png
  artifactKey: Guid(843daf2561b9f8542a722b8237a7518b) Importer(815301076,1909f56bfc062723c751e8b465ee728b)
Start importing Assets/Backround/a-simple-city-background-2-dimensional-heart-vfx-outer-space-vanishing-point-super-highway-hi-377654675.png using Guid(843daf2561b9f8542a722b8237a7518b) Importer(815301076,1909f56bfc062723c751e8b465ee728b)  -> (artifact id: 'a147e8573f8640346436b6b5bfbaf72b') in 0.433914 seconds 
========================================================================
Received Import Request.
  Time since last request: 0.690774 seconds.
  path: Assets/Backround/a-simple-city-background-2-dimensional-heart-vfx-outer-space-vanishing-point-super-highway-hi-687428567.png
  artifactKey: Guid(4ee217ea96f90f94fa25e434e65a5bcd) Importer(815301076,1909f56bfc062723c751e8b465ee728b)
Start importing Assets/Backround/a-simple-city-background-2-dimensional-heart-vfx-outer-space-vanishing-point-super-highway-hi-687428567.png using Guid(4ee217ea96f90f94fa25e434e65a5bcd) Importer(815301076,1909f56bfc062723c751e8b465ee728b)  -> (artifact id: 'ec402e3997fec24c44b0e99f509c884e') in 0.421191 seconds 
========================================================================
Received Import Request.
  Time since last request: 0.543946 seconds.
  path: Assets/Backround/aparament-coriddor-illustration-digital-art-139905421.png
  artifactKey: Guid(9e1d4bbdccf8ea845aa41f78b7606d3c) Importer(815301076,1909f56bfc062723c751e8b465ee728b)
Start importing Assets/Backround/aparament-coriddor-illustration-digital-art-139905421.png using Guid(9e1d4bbdccf8ea845aa41f78b7606d3c) Importer(815301076,1909f56bfc062723c751e8b465ee728b)  -> (artifact id: '8ff6c6f60f78e70e754436aface81610') in 0.427663 seconds 
========================================================================
Received Import Request.
  Time since last request: 0.441502 seconds.
  path: Assets/Backround/simple-backround--916641949.png
  artifactKey: Guid(0e5cb0f87fda1f2489cd77f256b7d932) Importer(815301076,1909f56bfc062723c751e8b465ee728b)
Start importing Assets/Backround/simple-backround--916641949.png using Guid(0e5cb0f87fda1f2489cd77f256b7d932) Importer(815301076,1909f56bfc062723c751e8b465ee728b)  -> (artifact id: '4f955208d53bb92cee8aed3cd53d30a4') in 0.391377 seconds 
========================================================================
Received Import Request.
  Time since last request: 22.700634 seconds.
  path: Assets/Backround/a-simple-city-background-chinese-painting-2-dimensional-heart-vfx-347802097.png
  artifactKey: Guid(deda96d2aff4f7249aece5e21df65ad6) Importer(815301076,1909f56bfc062723c751e8b465ee728b)
Start importing Assets/Backround/a-simple-city-background-chinese-painting-2-dimensional-heart-vfx-347802097.png using Guid(deda96d2aff4f7249aece5e21df65ad6) Importer(815301076,1909f56bfc062723c751e8b465ee728b)  -> (artifact id: '4b2b1cbe275d338148becbd98230fa02') in 0.878956 seconds 
========================================================================
Received Import Request.
  Time since last request: 1.477584 seconds.
  path: Assets/Backround/1539607519_a_dream_mansion_interior__concept_art__realistic.png
  artifactKey: Guid(07bd70e1de57607449e8078de6463ceb) Importer(815301076,1909f56bfc062723c751e8b465ee728b)
Start importing Assets/Backround/1539607519_a_dream_mansion_interior__concept_art__realistic.png using Guid(07bd70e1de57607449e8078de6463ceb) Importer(815301076,1909f56bfc062723c751e8b465ee728b)  -> (artifact id: 'c325e610d1517cffa6afdcd5b7b7964c') in 0.078290 seconds 
========================================================================
Received Prepare
Registering precompiled user dll's ...
Registered in 2.421302 seconds.
Begin MonoManager ReloadAssembly
Symbol file LoadedFromMemory doesn't match image E:\WeaponShowCase\WeaponRenderShowCase\Library\PackageCache\com.unity.visualscripting@1.8.0\Editor\VisualScripting.Core\Dependencies\YamlDotNet\Unity.VisualScripting.YamlDotNet.dll
Symbol file LoadedFromMemory doesn't match image E:\WeaponShowCase\WeaponRenderShowCase\Library\PackageCache\com.unity.visualscripting@1.8.0\Editor\VisualScripting.Core\Dependencies\DotNetZip\Unity.VisualScripting.IonicZip.dll
Native extension for WindowsStandalone target not found
Refreshing native plugins compatible for Editor in 313.33 ms, found 4 plugins.
Preloading 0 native plugins for Editor in 0.00 ms.
Mono: successfully reloaded assembly
- Completed reload, in  6.210 seconds
Domain Reload Profiling:
	ReloadAssembly (6211ms)
		BeginReloadAssembly (1626ms)
			ExecutionOrderSort (0ms)
			DisableScriptedObjects (11ms)
			BackupInstance (0ms)
			ReleaseScriptingObjects (0ms)
			CreateAndSetChildDomain (75ms)
		EndReloadAssembly (4412ms)
			LoadAssemblies (3597ms)
			RebuildTransferFunctionScriptingTraits (0ms)
			SetupTypeCache (634ms)
			ReleaseScriptCaches (4ms)
			RebuildScriptCaches (129ms)
			SetupLoadedEditorAssemblies (1241ms)
				LogAssemblyErrors (0ms)
				InitializePlatformSupportModulesInManaged (19ms)
				SetLoadedEditorAssemblies (0ms)
				RefreshPlugins (313ms)
				BeforeProcessingInitializeOnLoad (154ms)
				ProcessInitializeOnLoadAttributes (670ms)
				ProcessInitializeOnLoadMethodAttributes (78ms)
				AfterProcessingInitializeOnLoad (6ms)
				EditorAssembliesLoaded (0ms)
			ExecutionOrderSort2 (0ms)
			AwakeInstancesAfterBackupRestoration (30ms)
Platform modules already initialized, skipping
Refreshing native plugins compatible for Editor in 5.19 ms, found 4 plugins.
Preloading 0 native plugins for Editor in 0.00 ms.
Unloading 6665 Unused Serialized files (Serialized files now loaded: 0)
Unloading 143 unused Assets / (11.9 MB). Loaded Objects now: 7316.
Memory consumption went from 392.6 MB to 380.7 MB.
Total: 10.845200 ms (FindLiveObjects: 1.012900 ms CreateObjectMapping: 0.866200 ms MarkObjects: 5.354600 ms  DeleteObjects: 3.609900 ms)

AssetImportParameters requested are different than current active one (requested -> active):
  custom:video-decoder-ogg-theora: a1e56fd34408186e4bbccfd4996cb3dc -> 
  custom:container-muxer-webm: aa71ff27fc2769a1b78a27578f13a17b -> 
  custom:container-demuxer-webm: 4f35f7cbe854078d1ac9338744f61a02 -> 
  custom:video-encoder-webm-vp8: eb34c28f22e8b96e1ab97ce403110664 -> 
  custom:audio-encoder-webm-vorbis: bf7c407c2cedff20999df2af8eb42d56 -> 
  custom:framework-win-MediaFoundation: 216162199b28c13a410421893ffa2e32 -> 
  custom:container-demuxer-ogg: 62fdf1f143b41e24485cea50d1cbac27 -> 
  custom:video-decoder-webm-vp8: 9c59270c3fd7afecdb556c50c9e8de78 -> 
  custom:audio-decoder-ogg-vorbis: bf7c407c2cedff20999df2af8eb42d56 -> 
========================================================================
Received Prepare
Registering precompiled user dll's ...
Registered in 0.009011 seconds.
Begin MonoManager ReloadAssembly
Symbol file LoadedFromMemory doesn't match image E:\WeaponShowCase\WeaponRenderShowCase\Library\PackageCache\com.unity.visualscripting@1.8.0\Editor\VisualScripting.Core\Dependencies\YamlDotNet\Unity.VisualScripting.YamlDotNet.dll
Symbol file LoadedFromMemory doesn't match image E:\WeaponShowCase\WeaponRenderShowCase\Library\PackageCache\com.unity.visualscripting@1.8.0\Editor\VisualScripting.Core\Dependencies\DotNetZip\Unity.VisualScripting.IonicZip.dll
Native extension for WindowsStandalone target not found
Refreshing native plugins compatible for Editor in 1.93 ms, found 4 plugins.
Preloading 0 native plugins for Editor in 0.00 ms.
Mono: successfully reloaded assembly
- Completed reload, in  1.944 seconds
Domain Reload Profiling:
	ReloadAssembly (1945ms)
		BeginReloadAssembly (191ms)
			ExecutionOrderSort (0ms)
			DisableScriptedObjects (9ms)
			BackupInstance (0ms)
			ReleaseScriptingObjects (0ms)
			CreateAndSetChildDomain (62ms)
		EndReloadAssembly (1615ms)
			LoadAssemblies (190ms)
			RebuildTransferFunctionScriptingTraits (0ms)
			SetupTypeCache (500ms)
			ReleaseScriptCaches (3ms)
			RebuildScriptCaches (114ms)
			SetupLoadedEditorAssemblies (717ms)
				LogAssemblyErrors (0ms)
				InitializePlatformSupportModulesInManaged (15ms)
				SetLoadedEditorAssemblies (1ms)
				RefreshPlugins (2ms)
				BeforeProcessingInitializeOnLoad (156ms)
				ProcessInitializeOnLoadAttributes (485ms)
				ProcessInitializeOnLoadMethodAttributes (53ms)
				AfterProcessingInitializeOnLoad (5ms)
				EditorAssembliesLoaded (0ms)
			ExecutionOrderSort2 (0ms)
			AwakeInstancesAfterBackupRestoration (25ms)
Platform modules already initialized, skipping
Refreshing native plugins compatible for Editor in 75.20 ms, found 4 plugins.
Preloading 0 native plugins for Editor in 0.00 ms.
Unloading 6665 Unused Serialized files (Serialized files now loaded: 0)
Unloading 143 unused Assets / (11.9 MB). Loaded Objects now: 7319.
Memory consumption went from 392.7 MB to 380.8 MB.
Total: 11.785300 ms (FindLiveObjects: 0.888900 ms CreateObjectMapping: 0.942000 ms MarkObjects: 4.787800 ms  DeleteObjects: 5.147900 ms)

AssetImportParameters requested are different than current active one (requested -> active):
  custom:video-decoder-ogg-theora: a1e56fd34408186e4bbccfd4996cb3dc -> 
  custom:container-muxer-webm: aa71ff27fc2769a1b78a27578f13a17b -> 
  custom:container-demuxer-webm: 4f35f7cbe854078d1ac9338744f61a02 -> 
  custom:video-encoder-webm-vp8: eb34c28f22e8b96e1ab97ce403110664 -> 
  custom:audio-encoder-webm-vorbis: bf7c407c2cedff20999df2af8eb42d56 -> 
  custom:framework-win-MediaFoundation: 216162199b28c13a410421893ffa2e32 -> 
  custom:container-demuxer-ogg: 62fdf1f143b41e24485cea50d1cbac27 -> 
  custom:video-decoder-webm-vp8: 9c59270c3fd7afecdb556c50c9e8de78 -> 
  custom:audio-decoder-ogg-vorbis: bf7c407c2cedff20999df2af8eb42d56 -> 
========================================================================
Received Prepare
Registering precompiled user dll's ...
Registered in 0.009784 seconds.
Begin MonoManager ReloadAssembly
Symbol file LoadedFromMemory doesn't match image E:\WeaponShowCase\WeaponRenderShowCase\Library\PackageCache\com.unity.visualscripting@1.8.0\Editor\VisualScripting.Core\Dependencies\YamlDotNet\Unity.VisualScripting.YamlDotNet.dll
Symbol file LoadedFromMemory doesn't match image E:\WeaponShowCase\WeaponRenderShowCase\Library\PackageCache\com.unity.visualscripting@1.8.0\Editor\VisualScripting.Core\Dependencies\DotNetZip\Unity.VisualScripting.IonicZip.dll
Native extension for WindowsStandalone target not found
Refreshing native plugins compatible for Editor in 3.12 ms, found 4 plugins.
Preloading 0 native plugins for Editor in 0.00 ms.
Mono: successfully reloaded assembly
- Completed reload, in  2.517 seconds
Domain Reload Profiling:
	ReloadAssembly (2518ms)
		BeginReloadAssembly (253ms)
			ExecutionOrderSort (0ms)
			DisableScriptedObjects (14ms)
			BackupInstance (0ms)
			ReleaseScriptingObjects (0ms)
			CreateAndSetChildDomain (84ms)
		EndReloadAssembly (2077ms)
			LoadAssemblies (192ms)
			RebuildTransferFunctionScriptingTraits (0ms)
			SetupTypeCache (627ms)
			ReleaseScriptCaches (5ms)
			RebuildScriptCaches (161ms)
			SetupLoadedEditorAssemblies (908ms)
				LogAssemblyErrors (0ms)
				InitializePlatformSupportModulesInManaged (22ms)
				SetLoadedEditorAssemblies (1ms)
				RefreshPlugins (3ms)
				BeforeProcessingInitializeOnLoad (186ms)
				ProcessInitializeOnLoadAttributes (617ms)
				ProcessInitializeOnLoadMethodAttributes (72ms)
				AfterProcessingInitializeOnLoad (6ms)
				EditorAssembliesLoaded (0ms)
			ExecutionOrderSort2 (0ms)
			AwakeInstancesAfterBackupRestoration (35ms)
Platform modules already initialized, skipping
