Using pre-set license
Built from '2021.3/staging' branch; Version is '2021.3.18f1 (3129e69bc0c7) revision 3221990'; Using compiler version '192829333'; Build Type 'Release'
OS: 'Windows 10  (10.0.19044) 64bit Core' Language: 'es' Physical Memory: 16255 MB
BatchMode: 1, IsHumanControllingUs: 0, StartBugReporterOnCrash: 0, Is64bit: 1, IsPro: 1

COMMAND LINE ARGUMENTS:
E:\Unity\2021.3.18f1\Editor\Unity.exe
-adb2
-batchMode
-noUpm
-name
AssetImportWorker1
-projectPath
E:/WeaponShowCase/WeaponRenderShowCase
-logFile
Logs/AssetImportWorker1.log
-srvPort
62947
Successfully changed project path to: E:/WeaponShowCase/WeaponRenderShowCase
E:/WeaponShowCase/WeaponRenderShowCase
[UnityMemory] Configuration Parameters - Can be set up in boot.config
    "memorysetup-bucket-allocator-granularity=16"
    "memorysetup-bucket-allocator-bucket-count=8"
    "memorysetup-bucket-allocator-block-size=33554432"
    "memorysetup-bucket-allocator-block-count=8"
    "memorysetup-main-allocator-block-size=16777216"
    "memorysetup-thread-allocator-block-size=16777216"
    "memorysetup-gfx-main-allocator-block-size=16777216"
    "memorysetup-gfx-thread-allocator-block-size=16777216"
    "memorysetup-cache-allocator-block-size=4194304"
    "memorysetup-typetree-allocator-block-size=2097152"
    "memorysetup-profiler-bucket-allocator-granularity=16"
    "memorysetup-profiler-bucket-allocator-bucket-count=8"
    "memorysetup-profiler-bucket-allocator-block-size=33554432"
    "memorysetup-profiler-bucket-allocator-block-count=8"
    "memorysetup-profiler-allocator-block-size=16777216"
    "memorysetup-profiler-editor-allocator-block-size=1048576"
    "memorysetup-temp-allocator-size-main=16777216"
    "memorysetup-job-temp-allocator-block-size=2097152"
    "memorysetup-job-temp-allocator-block-size-background=1048576"
    "memorysetup-job-temp-allocator-reduction-small-platforms=262144"
    "memorysetup-temp-allocator-size-background-worker=32768"
    "memorysetup-temp-allocator-size-job-worker=262144"
    "memorysetup-temp-allocator-size-preload-manager=33554432"
    "memorysetup-temp-allocator-size-nav-mesh-worker=65536"
    "memorysetup-temp-allocator-size-audio-worker=65536"
    "memorysetup-temp-allocator-size-cloud-worker=32768"
    "memorysetup-temp-allocator-size-gi-baking-worker=262144"
    "memorysetup-temp-allocator-size-gfx=262144"
Player connection [10364] Host "[IP] 192.168.1.4 [Port] 0 [Flags] 2 [Guid] 2278424827 [EditorId] 2278424827 [Version] 1048832 [Id] WindowsEditor(7,DESKTOP-K4PP8T0) [Debug] 1 [PackageName] WindowsEditor [ProjectName] Editor" joined multi-casting on [225.0.0.222:54997]...

Player connection [10364] Host "[IP] 192.168.1.4 [Port] 0 [Flags] 2 [Guid] 2278424827 [EditorId] 2278424827 [Version] 1048832 [Id] WindowsEditor(7,DESKTOP-K4PP8T0) [Debug] 1 [PackageName] WindowsEditor [ProjectName] Editor" joined alternative multi-casting on [225.0.0.222:34997]...

Refreshing native plugins compatible for Editor in 330.16 ms, found 4 plugins.
Preloading 0 native plugins for Editor in 0.00 ms.
Initialize engine version: 2021.3.18f1 (3129e69bc0c7)
[Subsystems] Discovering subsystems at path E:/Unity/2021.3.18f1/Editor/Data/Resources/UnitySubsystems
[Subsystems] Discovering subsystems at path E:/WeaponShowCase/WeaponRenderShowCase/Assets
GfxDevice: creating device client; threaded=0; jobified=0
Direct3D:
    Version:  Direct3D 11.0 [level 11.1]
    Renderer: NVIDIA GeForce GTX 1070 (ID=0x1ba1)
    Vendor:   NVIDIA
    VRAM:     8074 MB
    Driver:   31.0.15.2849
Initialize mono
Mono path[0] = 'E:/Unity/2021.3.18f1/Editor/Data/Managed'
Mono path[1] = 'E:/Unity/2021.3.18f1/Editor/Data/MonoBleedingEdge/lib/mono/unityjit-win32'
Mono config path = 'E:/Unity/2021.3.18f1/Editor/Data/MonoBleedingEdge/etc'
Using monoOptions --debugger-agent=transport=dt_socket,embedding=1,server=y,suspend=n,address=127.0.0.1:56692
Begin MonoManager ReloadAssembly
Registering precompiled unity dll's ...
Register platform support module: E:/Unity/2021.3.18f1/Editor/Data/PlaybackEngines/WindowsStandaloneSupport/UnityEditor.WindowsStandalone.Extensions.dll
Registered in 0.004805 seconds.
Native extension for WindowsStandalone target not found
Refreshing native plugins compatible for Editor in 284.70 ms, found 4 plugins.
Preloading 0 native plugins for Editor in 0.00 ms.
Mono: successfully reloaded assembly
- Completed reload, in  2.154 seconds
Domain Reload Profiling:
	ReloadAssembly (2157ms)
		BeginReloadAssembly (107ms)
			ExecutionOrderSort (0ms)
			DisableScriptedObjects (0ms)
			BackupInstance (0ms)
			ReleaseScriptingObjects (0ms)
			CreateAndSetChildDomain (1ms)
		EndReloadAssembly (1862ms)
			LoadAssemblies (105ms)
			RebuildTransferFunctionScriptingTraits (0ms)
			SetupTypeCache (188ms)
			ReleaseScriptCaches (0ms)
			RebuildScriptCaches (46ms)
			SetupLoadedEditorAssemblies (571ms)
				LogAssemblyErrors (0ms)
				InitializePlatformSupportModulesInManaged (14ms)
				SetLoadedEditorAssemblies (0ms)
				RefreshPlugins (289ms)
				BeforeProcessingInitializeOnLoad (2ms)
				ProcessInitializeOnLoadAttributes (196ms)
				ProcessInitializeOnLoadMethodAttributes (69ms)
				AfterProcessingInitializeOnLoad (0ms)
				EditorAssembliesLoaded (0ms)
			ExecutionOrderSort2 (0ms)
			AwakeInstancesAfterBackupRestoration (0ms)
Platform modules already initialized, skipping
Registering precompiled user dll's ...
Registered in 0.009510 seconds.
Begin MonoManager ReloadAssembly
Symbol file LoadedFromMemory doesn't match image E:\WeaponShowCase\WeaponRenderShowCase\Library\PackageCache\com.unity.visualscripting@1.8.0\Editor\VisualScripting.Core\Dependencies\YamlDotNet\Unity.VisualScripting.YamlDotNet.dll
Symbol file LoadedFromMemory doesn't match image E:\WeaponShowCase\WeaponRenderShowCase\Library\PackageCache\com.unity.visualscripting@1.8.0\Editor\VisualScripting.Core\Dependencies\DotNetZip\Unity.VisualScripting.IonicZip.dll
Native extension for WindowsStandalone target not found
Refreshing native plugins compatible for Editor in 363.65 ms, found 4 plugins.
Preloading 0 native plugins for Editor in 0.00 ms.
Mono: successfully reloaded assembly
- Completed reload, in  3.004 seconds
Domain Reload Profiling:
	ReloadAssembly (3007ms)
		BeginReloadAssembly (188ms)
			ExecutionOrderSort (0ms)
			DisableScriptedObjects (9ms)
			BackupInstance (0ms)
			ReleaseScriptingObjects (0ms)
			CreateAndSetChildDomain (32ms)
		EndReloadAssembly (2611ms)
			LoadAssemblies (165ms)
			RebuildTransferFunctionScriptingTraits (0ms)
			SetupTypeCache (639ms)
			ReleaseScriptCaches (1ms)
			RebuildScriptCaches (200ms)
			SetupLoadedEditorAssemblies (1520ms)
				LogAssemblyErrors (0ms)
				InitializePlatformSupportModulesInManaged (77ms)
				SetLoadedEditorAssemblies (0ms)
				RefreshPlugins (364ms)
				BeforeProcessingInitializeOnLoad (251ms)
				ProcessInitializeOnLoadAttributes (687ms)
				ProcessInitializeOnLoadMethodAttributes (134ms)
				AfterProcessingInitializeOnLoad (5ms)
				EditorAssembliesLoaded (0ms)
			ExecutionOrderSort2 (0ms)
			AwakeInstancesAfterBackupRestoration (15ms)
Platform modules already initialized, skipping
========================================================================
Worker process is ready to serve import requests
Launched and connected shader compiler UnityShaderCompiler.exe after 0.09 seconds
Refreshing native plugins compatible for Editor in 3.20 ms, found 4 plugins.
Preloading 0 native plugins for Editor in 0.00 ms.
Unloading 7086 Unused Serialized files (Serialized files now loaded: 0)
Unloading 167 unused Assets / (13.1 MB). Loaded Objects now: 7431.
Memory consumption went from 420.9 MB to 407.8 MB.
Total: 9.904100 ms (FindLiveObjects: 0.836400 ms CreateObjectMapping: 0.928200 ms MarkObjects: 4.713800 ms  DeleteObjects: 3.424600 ms)

AssetImportParameters requested are different than current active one (requested -> active):
  custom:video-decoder-ogg-theora: a1e56fd34408186e4bbccfd4996cb3dc -> 
  custom:container-muxer-webm: aa71ff27fc2769a1b78a27578f13a17b -> 
  custom:container-demuxer-webm: 4f35f7cbe854078d1ac9338744f61a02 -> 
  custom:video-encoder-webm-vp8: eb34c28f22e8b96e1ab97ce403110664 -> 
  custom:audio-encoder-webm-vorbis: bf7c407c2cedff20999df2af8eb42d56 -> 
  custom:framework-win-MediaFoundation: 216162199b28c13a410421893ffa2e32 -> 
  custom:container-demuxer-ogg: 62fdf1f143b41e24485cea50d1cbac27 -> 
  custom:video-decoder-webm-vp8: 9c59270c3fd7afecdb556c50c9e8de78 -> 
  custom:audio-decoder-ogg-vorbis: bf7c407c2cedff20999df2af8eb42d56 -> 
========================================================================
Received Import Request.
  Time since last request: 21284.451635 seconds.
  path: Assets/CManagerSFX.cs
  artifactKey: Guid(7a7b87901de5f4e44908f3c11a67d3f4) Importer(2089858483,c653a7c40615fbf8c82c05b109e42dfe)
Start importing Assets/CManagerSFX.cs using Guid(7a7b87901de5f4e44908f3c11a67d3f4) Importer(2089858483,c653a7c40615fbf8c82c05b109e42dfe) Generated GUIDs only implemented for interfaces!
 -> (artifact id: '21feb2190c52f58ecbc09ce47d8217e5') in 0.663160 seconds 
========================================================================
Received Import Request.
  Time since last request: 0.000060 seconds.
  path: Assets/Settings/URP-HighFidelity.asset
  artifactKey: Guid(7b7fd9122c28c4d15b667c7040e3b3fd) Importer(2089858483,c653a7c40615fbf8c82c05b109e42dfe)
Start importing Assets/Settings/URP-HighFidelity.asset using Guid(7b7fd9122c28c4d15b667c7040e3b3fd) Importer(2089858483,c653a7c40615fbf8c82c05b109e42dfe) Generated GUIDs only implemented for interfaces!
 -> (artifact id: 'd783b957ae8c835e67e3faecadabc0b4') in 1.883114 seconds 
========================================================================
Received Import Request.
  Time since last request: 0.000048 seconds.
  path: Assets/Scenes/Weapon.unity
  artifactKey: Guid(a89a17ea2a39b0940ba5e713010c0806) Importer(2089858483,c653a7c40615fbf8c82c05b109e42dfe)
Start importing Assets/Scenes/Weapon.unity using Guid(a89a17ea2a39b0940ba5e713010c0806) Importer(2089858483,c653a7c40615fbf8c82c05b109e42dfe) Opening scene 'Assets/Scenes/Weapon.unity additively'
Loaded scene 'Assets/Scenes/Weapon.unity'
	Deserialize:            111.546 ms
	Integration:            127.966 ms
	Integration of assets:  168.055 ms
	Thread Wait Time:       -2.154 ms
	Total Operation Time:   405.414 ms
Generated GUIDs only implemented for interfaces!
 -> (artifact id: '35fcb6760b8f81b7339ab8e68214cfe4') in 6.075053 seconds 
========================================================================
Received Import Request.
  Time since last request: 0.000060 seconds.
  path: Assets/Scenes/Player.prefab
  artifactKey: Guid(fc54b0f503f33bc40ae3c3659409d5d7) Importer(2089858483,c653a7c40615fbf8c82c05b109e42dfe)
Start importing Assets/Scenes/Player.prefab using Guid(fc54b0f503f33bc40ae3c3659409d5d7) Importer(2089858483,c653a7c40615fbf8c82c05b109e42dfe) Generated GUIDs only implemented for interfaces!
 -> (artifact id: 'd89e3e50b43de2e5cb6083b824d56b38') in 3.921480 seconds 
========================================================================
Received Import Request.
  Time since last request: 0.000050 seconds.
  path: Assets/3dAssets/Enemy/Enemy@Start Walking.fbx
  artifactKey: Guid(14e8fc83327bd014984a38b17c8c8232) Importer(2089858483,c653a7c40615fbf8c82c05b109e42dfe)
Start importing Assets/3dAssets/Enemy/Enemy@Start Walking.fbx using Guid(14e8fc83327bd014984a38b17c8c8232) Importer(2089858483,c653a7c40615fbf8c82c05b109e42dfe) Generated GUIDs only implemented for interfaces!
 -> (artifact id: '3c445c2d8ac8060c17042f39e2d19433') in 0.183730 seconds 
========================================================================
Received Import Request.
  Time since last request: 0.000031 seconds.
  path: Assets/3dAssets/Enemy/Enemy@Rifle Walk.fbx
  artifactKey: Guid(8d1750a4c61da6d4b8eb19e7ffb5b765) Importer(2089858483,c653a7c40615fbf8c82c05b109e42dfe)
Start importing Assets/3dAssets/Enemy/Enemy@Rifle Walk.fbx using Guid(8d1750a4c61da6d4b8eb19e7ffb5b765) Importer(2089858483,c653a7c40615fbf8c82c05b109e42dfe) Generated GUIDs only implemented for interfaces!
 -> (artifact id: '547434adeeb65565cf64a780707fe9f2') in 0.312752 seconds 
========================================================================
Received Import Request.
  Time since last request: 0.000083 seconds.
  path: Assets/3dAssets/Enemy/Enemy@Rifle Idle.fbx
  artifactKey: Guid(f08a456e26279e7498b6d5cd79680251) Importer(2089858483,c653a7c40615fbf8c82c05b109e42dfe)
Start importing Assets/3dAssets/Enemy/Enemy@Rifle Idle.fbx using Guid(f08a456e26279e7498b6d5cd79680251) Importer(2089858483,c653a7c40615fbf8c82c05b109e42dfe) Generated GUIDs only implemented for interfaces!
 -> (artifact id: 'ec5bfd342a307a5d6a2262198b1dd144') in 0.057718 seconds 
========================================================================
Received Import Request.
  Time since last request: 0.000027 seconds.
  path: Assets/Backround/simple-backround--916641949.png
  artifactKey: Guid(0e5cb0f87fda1f2489cd77f256b7d932) Importer(2089858483,c653a7c40615fbf8c82c05b109e42dfe)
Start importing Assets/Backround/simple-backround--916641949.png using Guid(0e5cb0f87fda1f2489cd77f256b7d932) Importer(2089858483,c653a7c40615fbf8c82c05b109e42dfe) Generated GUIDs only implemented for interfaces!
 -> (artifact id: 'e807e29686ef1163d39d602b3047e4e3') in 0.313634 seconds 
========================================================================
Received Import Request.
  Time since last request: 0.000033 seconds.
  path: Assets/3dAssets/bullet_shell.unity
  artifactKey: Guid(91bb4e1a9382c584b9805f3ad39e81d4) Importer(2089858483,c653a7c40615fbf8c82c05b109e42dfe)
Start importing Assets/3dAssets/bullet_shell.unity using Guid(91bb4e1a9382c584b9805f3ad39e81d4) Importer(2089858483,c653a7c40615fbf8c82c05b109e42dfe) Opening scene 'Assets/3dAssets/bullet_shell.unity additively'
LightingSettings: switching bake backend from 1 to 0.
Loaded scene 'Assets/3dAssets/bullet_shell.unity'
	Deserialize:            25.890 ms
	Integration:            19.790 ms
	Integration of assets:  0.051 ms
	Thread Wait Time:       -0.031 ms
	Total Operation Time:   45.700 ms
Generated GUIDs only implemented for interfaces!
 -> (artifact id: 'e92d1a3fd23df8c432213bcc7458a4f4') in 0.074188 seconds 
========================================================================
Received Import Request.
  Time since last request: 0.000048 seconds.
  path: Assets/Settings/SampleSceneProfile.asset
  artifactKey: Guid(a6560a915ef98420e9faacc1c7438823) Importer(2089858483,c653a7c40615fbf8c82c05b109e42dfe)
Start importing Assets/Settings/SampleSceneProfile.asset using Guid(a6560a915ef98420e9faacc1c7438823) Importer(2089858483,c653a7c40615fbf8c82c05b109e42dfe) Generated GUIDs only implemented for interfaces!
 -> (artifact id: '182e77ae3a543d8a79cbe252f6b5e02c') in 0.036190 seconds 
========================================================================
Received Import Request.
  Time since last request: 0.000034 seconds.
  path: Assets/Prefab/Cubicle.prefab
  artifactKey: Guid(1b134b1c5bdecf14e936ab0619fcf833) Importer(2089858483,c653a7c40615fbf8c82c05b109e42dfe)
Start importing Assets/Prefab/Cubicle.prefab using Guid(1b134b1c5bdecf14e936ab0619fcf833) Importer(2089858483,c653a7c40615fbf8c82c05b109e42dfe) Generated GUIDs only implemented for interfaces!
 -> (artifact id: '1d5216ca5b32bfc7e0dc503fd685d18b') in 0.191774 seconds 
========================================================================
Received Import Request.
  Time since last request: 0.000032 seconds.
  path: Assets/3dAssets/Enemy/Dying.fbx
  artifactKey: Guid(48e09e0473ba4f044be89ed1e6fbefbf) Importer(2089858483,c653a7c40615fbf8c82c05b109e42dfe)
Start importing Assets/3dAssets/Enemy/Dying.fbx using Guid(48e09e0473ba4f044be89ed1e6fbefbf) Importer(2089858483,c653a7c40615fbf8c82c05b109e42dfe) Generated GUIDs only implemented for interfaces!
 -> (artifact id: '67670c70b40e761637995b50c58caee5') in 0.059075 seconds 
========================================================================
Received Import Request.
  Time since last request: 0.000042 seconds.
  path: Assets/3dAssets/Enemy/Enemy@Rifle Run To Stop.fbx
  artifactKey: Guid(aa44d62fd4cea1f4c86aac9835b6c411) Importer(2089858483,c653a7c40615fbf8c82c05b109e42dfe)
Start importing Assets/3dAssets/Enemy/Enemy@Rifle Run To Stop.fbx using Guid(aa44d62fd4cea1f4c86aac9835b6c411) Importer(2089858483,c653a7c40615fbf8c82c05b109e42dfe) Generated GUIDs only implemented for interfaces!
 -> (artifact id: '237a674422d2ff38edd27e2722c9f32f') in 0.093065 seconds 
========================================================================
Received Import Request.
  Time since last request: 0.000034 seconds.
  path: Assets/PRO Effects FPS Muzzle fla.unitypackage
  artifactKey: Guid(e807dbcbf5efa7c4b9c58203e3e358e4) Importer(2089858483,c653a7c40615fbf8c82c05b109e42dfe)
Start importing Assets/PRO Effects FPS Muzzle fla.unitypackage using Guid(e807dbcbf5efa7c4b9c58203e3e358e4) Importer(2089858483,c653a7c40615fbf8c82c05b109e42dfe) Generated GUIDs only implemented for interfaces!
 -> (artifact id: '8f2edd81ae5703258ab2ab56caf62a95') in 0.064757 seconds 
========================================================================
Received Import Request.
  Time since last request: 0.000037 seconds.
  path: Assets/3dAssets/Enemy/Enemy@Strafe Right Stop.fbx
  artifactKey: Guid(05979754e24e66345bb2a607d5b7e66c) Importer(2089858483,c653a7c40615fbf8c82c05b109e42dfe)
Start importing Assets/3dAssets/Enemy/Enemy@Strafe Right Stop.fbx using Guid(05979754e24e66345bb2a607d5b7e66c) Importer(2089858483,c653a7c40615fbf8c82c05b109e42dfe) Generated GUIDs only implemented for interfaces!
 -> (artifact id: '20255d71c16172476b94b1298e519d30') in 0.058740 seconds 
========================================================================
Received Import Request.
  Time since last request: 0.000050 seconds.
  path: Assets/3dAssets/Enemy/Enemy@Walk With Rifle.fbx
  artifactKey: Guid(1b4e9cbe6d213eb40839efd9adac0bf6) Importer(2089858483,c653a7c40615fbf8c82c05b109e42dfe)
Start importing Assets/3dAssets/Enemy/Enemy@Walk With Rifle.fbx using Guid(1b4e9cbe6d213eb40839efd9adac0bf6) Importer(2089858483,c653a7c40615fbf8c82c05b109e42dfe) Generated GUIDs only implemented for interfaces!
 -> (artifact id: '09f845ac68f0314eb99d8912e0ce65f6') in 0.119296 seconds 
========================================================================
Received Import Request.
  Time since last request: 0.000046 seconds.
  path: Assets/3dAssets/Enemy/Enemy@Strafe Right.fbx
  artifactKey: Guid(2e5efdf4c5fdd1d41b99a25107e80b8c) Importer(2089858483,c653a7c40615fbf8c82c05b109e42dfe)
Start importing Assets/3dAssets/Enemy/Enemy@Strafe Right.fbx using Guid(2e5efdf4c5fdd1d41b99a25107e80b8c) Importer(2089858483,c653a7c40615fbf8c82c05b109e42dfe) Generated GUIDs only implemented for interfaces!
 -> (artifact id: '34f3ce7b00160461d66f0a73eba48f34') in 0.061578 seconds 
========================================================================
Received Import Request.
  Time since last request: 0.000037 seconds.
  path: Assets/3dAssets/Enemy/Enemy@Turn 90 Right.fbx
  artifactKey: Guid(e075888aae983ab4c8aab80945bb65e2) Importer(2089858483,c653a7c40615fbf8c82c05b109e42dfe)
Start importing Assets/3dAssets/Enemy/Enemy@Turn 90 Right.fbx using Guid(e075888aae983ab4c8aab80945bb65e2) Importer(2089858483,c653a7c40615fbf8c82c05b109e42dfe) Generated GUIDs only implemented for interfaces!
 -> (artifact id: '797ccfbed2a15180c93f971af188c277') in 0.054053 seconds 
========================================================================
Received Import Request.
  Time since last request: 0.000053 seconds.
  path: Assets/3dAssets/Enemy/Enemy@Crouch Running.fbx
  artifactKey: Guid(144753fb8bd792e47901507a968111e3) Importer(2089858483,c653a7c40615fbf8c82c05b109e42dfe)
Start importing Assets/3dAssets/Enemy/Enemy@Crouch Running.fbx using Guid(144753fb8bd792e47901507a968111e3) Importer(2089858483,c653a7c40615fbf8c82c05b109e42dfe) Generated GUIDs only implemented for interfaces!
 -> (artifact id: 'd691395220d94f41a2d17d59a70727e0') in 0.107596 seconds 
========================================================================
Received Import Request.
  Time since last request: 0.000027 seconds.
  path: Assets/3dAssets/Enemy/Enemy@Rifle Run.fbx
  artifactKey: Guid(318d9f2f33b724649bb2a23d388c4315) Importer(2089858483,c653a7c40615fbf8c82c05b109e42dfe)
Start importing Assets/3dAssets/Enemy/Enemy@Rifle Run.fbx using Guid(318d9f2f33b724649bb2a23d388c4315) Importer(2089858483,c653a7c40615fbf8c82c05b109e42dfe) Generated GUIDs only implemented for interfaces!
 -> (artifact id: 'b80c40350d59a0b47e9df594cf1221db') in 0.088777 seconds 
========================================================================
Received Import Request.
  Time since last request: 0.000038 seconds.
  path: Assets/Effects/Bullet Trail Spectre.png
  artifactKey: Guid(9ed0ac53608416a4fa84102ae94626f0) Importer(2089858483,c653a7c40615fbf8c82c05b109e42dfe)
Start importing Assets/Effects/Bullet Trail Spectre.png using Guid(9ed0ac53608416a4fa84102ae94626f0) Importer(2089858483,c653a7c40615fbf8c82c05b109e42dfe) Generated GUIDs only implemented for interfaces!
 -> (artifact id: '5e626fee2b29d132cdbf017e7e094aae') in 0.435545 seconds 
========================================================================
Received Import Request.
  Time since last request: 0.000041 seconds.
  path: Assets/3dAssets/bullet_shell_low.FBX
  artifactKey: Guid(3065c908af6f76c4db853efaa77a1d6d) Importer(2089858483,c653a7c40615fbf8c82c05b109e42dfe)
Start importing Assets/3dAssets/bullet_shell_low.FBX using Guid(3065c908af6f76c4db853efaa77a1d6d) Importer(2089858483,c653a7c40615fbf8c82c05b109e42dfe) Generated GUIDs only implemented for interfaces!
 -> (artifact id: '5a4c59612b1871478bd0a3fcb7181122') in 0.030459 seconds 
========================================================================
Received Import Request.
  Time since last request: 0.000027 seconds.
  path: Assets/Backround/simple-backround--60427335.png
  artifactKey: Guid(4e7739fbf13db104f92e94f81072abef) Importer(2089858483,c653a7c40615fbf8c82c05b109e42dfe)
Start importing Assets/Backround/simple-backround--60427335.png using Guid(4e7739fbf13db104f92e94f81072abef) Importer(2089858483,c653a7c40615fbf8c82c05b109e42dfe) Generated GUIDs only implemented for interfaces!
 -> (artifact id: '27e358eaa3f92960266b2d03353fbd6d') in 0.093914 seconds 
========================================================================
Received Import Request.
  Time since last request: 0.000037 seconds.
  path: Assets/Animation/Sprite.png
  artifactKey: Guid(358363c4284e1024ea3ff30bea044a0f) Importer(2089858483,c653a7c40615fbf8c82c05b109e42dfe)
Start importing Assets/Animation/Sprite.png using Guid(358363c4284e1024ea3ff30bea044a0f) Importer(2089858483,c653a7c40615fbf8c82c05b109e42dfe) Generated GUIDs only implemented for interfaces!
 -> (artifact id: '2d6305b1f8127c0845be5e58d087f97a') in 0.090558 seconds 
========================================================================
Received Import Request.
  Time since last request: 0.000054 seconds.
  path: Assets/2D/Texturas/322589 (1).jpg
  artifactKey: Guid(68bca4cbef8b5fc479cbb64bd7f7c22a) Importer(2089858483,c653a7c40615fbf8c82c05b109e42dfe)
Start importing Assets/2D/Texturas/322589 (1).jpg using Guid(68bca4cbef8b5fc479cbb64bd7f7c22a) Importer(2089858483,c653a7c40615fbf8c82c05b109e42dfe) Generated GUIDs only implemented for interfaces!
 -> (artifact id: '152da226f625e5ad5af96f2f3ac4473a') in 0.142735 seconds 
========================================================================
Received Import Request.
  Time since last request: 0.000029 seconds.
  path: Assets/New Lighting Settings.lighting
  artifactKey: Guid(6d04f1dcc2715b14f997bb5da8014058) Importer(2089858483,c653a7c40615fbf8c82c05b109e42dfe)
Start importing Assets/New Lighting Settings.lighting using Guid(6d04f1dcc2715b14f997bb5da8014058) Importer(2089858483,c653a7c40615fbf8c82c05b109e42dfe) LightingSettings: switching bake backend from 1 to 2.
Generated GUIDs only implemented for interfaces!
 -> (artifact id: '0da8e2d489283af007f648feb4a5aa49') in 0.096251 seconds 
========================================================================
Received Import Request.
  Time since last request: 0.000037 seconds.
  path: Assets/3dAssets/Enemy/Enemy@Jumping Down.fbx
  artifactKey: Guid(e072a01f0f0f2fe4ea3c2e207f2260e3) Importer(2089858483,c653a7c40615fbf8c82c05b109e42dfe)
Start importing Assets/3dAssets/Enemy/Enemy@Jumping Down.fbx using Guid(e072a01f0f0f2fe4ea3c2e207f2260e3) Importer(2089858483,c653a7c40615fbf8c82c05b109e42dfe) Generated GUIDs only implemented for interfaces!
 -> (artifact id: '6f30f4d21587bee3f134c2f5f93b8012') in 0.079978 seconds 
========================================================================
Received Import Request.
  Time since last request: 0.000043 seconds.
  path: Assets/3dAssets/Enemy/Enemy@Left Strafing Jump.fbx
  artifactKey: Guid(febb436366185ae4bac027cd267e1d6b) Importer(2089858483,c653a7c40615fbf8c82c05b109e42dfe)
Start importing Assets/3dAssets/Enemy/Enemy@Left Strafing Jump.fbx using Guid(febb436366185ae4bac027cd267e1d6b) Importer(2089858483,c653a7c40615fbf8c82c05b109e42dfe) Generated GUIDs only implemented for interfaces!
 -> (artifact id: '8eb0dd970e9f3d3e25c675ea3ca0c334') in 0.334895 seconds 
========================================================================
Received Import Request.
  Time since last request: 0.000040 seconds.
  path: Assets/2D/PPK-Animation/ppk-Animation-crosshair-Sheet.png
  artifactKey: Guid(cd7bfe03e3bd42f44a3d2f5a342e90ad) Importer(2089858483,c653a7c40615fbf8c82c05b109e42dfe)
Start importing Assets/2D/PPK-Animation/ppk-Animation-crosshair-Sheet.png using Guid(cd7bfe03e3bd42f44a3d2f5a342e90ad) Importer(2089858483,c653a7c40615fbf8c82c05b109e42dfe) Generated GUIDs only implemented for interfaces!
 -> (artifact id: 'a2c7ecfc806f1c18ba3ac03e7ce6153a') in 0.580147 seconds 
========================================================================
Received Import Request.
  Time since last request: 0.000049 seconds.
  path: Assets/3dAssets/Enemy/Rifle Pull Out.fbx
  artifactKey: Guid(01ffae94d2af4124186d9af4b12b9633) Importer(2089858483,c653a7c40615fbf8c82c05b109e42dfe)
Start importing Assets/3dAssets/Enemy/Rifle Pull Out.fbx using Guid(01ffae94d2af4124186d9af4b12b9633) Importer(2089858483,c653a7c40615fbf8c82c05b109e42dfe) Generated GUIDs only implemented for interfaces!
 -> (artifact id: '6fd3a7afe436f30f3c07da4b065bc077') in 0.091018 seconds 
========================================================================
Received Import Request.
  Time since last request: 0.000031 seconds.
  path: Assets/3dAssets/Enemy/Rifle Run.fbx
  artifactKey: Guid(455e3fcaefb77e047bf4664448425090) Importer(2089858483,c653a7c40615fbf8c82c05b109e42dfe)
Start importing Assets/3dAssets/Enemy/Rifle Run.fbx using Guid(455e3fcaefb77e047bf4664448425090) Importer(2089858483,c653a7c40615fbf8c82c05b109e42dfe) Generated GUIDs only implemented for interfaces!
 -> (artifact id: '4043c48061e20cff0bce6d8f0ddde406') in 0.080545 seconds 
========================================================================
Received Import Request.
  Time since last request: 0.000031 seconds.
  path: Assets/Materials/green.mat
  artifactKey: Guid(1324597f9ae23f2428f30720ad40c2f1) Importer(2089858483,c653a7c40615fbf8c82c05b109e42dfe)
Start importing Assets/Materials/green.mat using Guid(1324597f9ae23f2428f30720ad40c2f1) Importer(2089858483,c653a7c40615fbf8c82c05b109e42dfe) Generated GUIDs only implemented for interfaces!
 -> (artifact id: '1c2da0da813fc4c1eb73ecbb43216ee0') in 0.020342 seconds 
========================================================================
Received Import Request.
  Time since last request: 0.000038 seconds.
  path: Assets/Effects/Hot Trail.png
  artifactKey: Guid(740d6b4108d95c74f8589167c75a6a61) Importer(2089858483,c653a7c40615fbf8c82c05b109e42dfe)
Start importing Assets/Effects/Hot Trail.png using Guid(740d6b4108d95c74f8589167c75a6a61) Importer(2089858483,c653a7c40615fbf8c82c05b109e42dfe) Generated GUIDs only implemented for interfaces!
 -> (artifact id: 'b8066c0d0ab94e72cb1c9402fcd945ac') in 0.054097 seconds 
========================================================================
Received Import Request.
  Time since last request: 0.000046 seconds.
  path: Assets/3dAssets/Enemy/Enemy@ReloadCrouch.fbx
  artifactKey: Guid(6ebf8a071e799944690cd1d980734862) Importer(2089858483,c653a7c40615fbf8c82c05b109e42dfe)
Start importing Assets/3dAssets/Enemy/Enemy@ReloadCrouch.fbx using Guid(6ebf8a071e799944690cd1d980734862) Importer(2089858483,c653a7c40615fbf8c82c05b109e42dfe) Generated GUIDs only implemented for interfaces!
 -> (artifact id: '7a60c890d9b0c321c526fad54b89518b') in 0.069894 seconds 
========================================================================
Received Import Request.
  Time since last request: 0.000088 seconds.
  path: Assets/3dAssets/Enemy/Enemy@Injured Walk.fbx
  artifactKey: Guid(097065a13fd2f404b9b9b94489de70fd) Importer(2089858483,c653a7c40615fbf8c82c05b109e42dfe)
Start importing Assets/3dAssets/Enemy/Enemy@Injured Walk.fbx using Guid(097065a13fd2f404b9b9b94489de70fd) Importer(2089858483,c653a7c40615fbf8c82c05b109e42dfe) Generated GUIDs only implemented for interfaces!
 -> (artifact id: 'd9efeb617723cc89ec5e21ff0a83d8aa') in 0.080505 seconds 
========================================================================
Received Import Request.
  Time since last request: 0.000026 seconds.
  path: Assets/3dAssets/bullet_shell_mat.mat
  artifactKey: Guid(f1a3d66fd77e7d148830d3a2c86d9a1b) Importer(2089858483,c653a7c40615fbf8c82c05b109e42dfe)
Start importing Assets/3dAssets/bullet_shell_mat.mat using Guid(f1a3d66fd77e7d148830d3a2c86d9a1b) Importer(2089858483,c653a7c40615fbf8c82c05b109e42dfe) Generated GUIDs only implemented for interfaces!
 -> (artifact id: '3882da928337b352722d24b381c25c81') in 0.105230 seconds 
========================================================================
Received Import Request.
  Time since last request: 0.000043 seconds.
  path: Assets/Prefabs/MainCamera.prefab
  artifactKey: Guid(2d3a85ecde41a8246a79669975912b74) Importer(2089858483,c653a7c40615fbf8c82c05b109e42dfe)
Start importing Assets/Prefabs/MainCamera.prefab using Guid(2d3a85ecde41a8246a79669975912b74) Importer(2089858483,c653a7c40615fbf8c82c05b109e42dfe) Generated GUIDs only implemented for interfaces!
 -> (artifact id: '561addb8c7de17669d6f5fbf4f6aff45') in 0.116754 seconds 
========================================================================
Received Import Request.
  Time since last request: 0.000050 seconds.
  path: Assets/Scenes/SelectMenyLevel.unity
  artifactKey: Guid(80d3aed8650592b42aaf38573a6c5c1d) Importer(2089858483,c653a7c40615fbf8c82c05b109e42dfe)
Start importing Assets/Scenes/SelectMenyLevel.unity using Guid(80d3aed8650592b42aaf38573a6c5c1d) Importer(2089858483,c653a7c40615fbf8c82c05b109e42dfe) Opening scene 'Assets/Scenes/SelectMenyLevel.unity additively'
Loaded scene 'Assets/Scenes/SelectMenyLevel.unity'
	Deserialize:            39.312 ms
	Integration:            4467.035 ms
	Integration of assets:  0.086 ms
	Thread Wait Time:       -0.011 ms
	Total Operation Time:   4506.422 ms
