Using pre-set license
Built from '2021.3/staging' branch; Version is '2021.3.18f1 (3129e69bc0c7) revision 3221990'; Using compiler version '192829333'; Build Type 'Release'
OS: 'Windows 10  (10.0.19044) 64bit Core' Language: 'es' Physical Memory: 16255 MB
BatchMode: 1, IsHumanControllingUs: 0, StartBugReporterOnCrash: 0, Is64bit: 1, IsPro: 1

COMMAND LINE ARGUMENTS:
E:\Unity\2021.3.18f1\Editor\Unity.exe
-adb2
-batchMode
-noUpm
-name
AssetImportWorker8
-projectPath
E:/WeaponShowCase/WeaponRenderShowCase
-logFile
Logs/AssetImportWorker8.log
-srvPort
64973
Successfully changed project path to: E:/WeaponShowCase/WeaponRenderShowCase
E:/WeaponShowCase/WeaponRenderShowCase
[UnityMemory] Configuration Parameters - Can be set up in boot.config
    "memorysetup-bucket-allocator-granularity=16"
    "memorysetup-bucket-allocator-bucket-count=8"
    "memorysetup-bucket-allocator-block-size=33554432"
    "memorysetup-bucket-allocator-block-count=8"
    "memorysetup-main-allocator-block-size=16777216"
    "memorysetup-thread-allocator-block-size=16777216"
    "memorysetup-gfx-main-allocator-block-size=16777216"
    "memorysetup-gfx-thread-allocator-block-size=16777216"
    "memorysetup-cache-allocator-block-size=4194304"
    "memorysetup-typetree-allocator-block-size=2097152"
    "memorysetup-profiler-bucket-allocator-granularity=16"
    "memorysetup-profiler-bucket-allocator-bucket-count=8"
    "memorysetup-profiler-bucket-allocator-block-size=33554432"
    "memorysetup-profiler-bucket-allocator-block-count=8"
    "memorysetup-profiler-allocator-block-size=16777216"
    "memorysetup-profiler-editor-allocator-block-size=1048576"
    "memorysetup-temp-allocator-size-main=16777216"
    "memorysetup-job-temp-allocator-block-size=2097152"
    "memorysetup-job-temp-allocator-block-size-background=1048576"
    "memorysetup-job-temp-allocator-reduction-small-platforms=262144"
    "memorysetup-temp-allocator-size-background-worker=32768"
    "memorysetup-temp-allocator-size-job-worker=262144"
    "memorysetup-temp-allocator-size-preload-manager=33554432"
    "memorysetup-temp-allocator-size-nav-mesh-worker=65536"
    "memorysetup-temp-allocator-size-audio-worker=65536"
    "memorysetup-temp-allocator-size-cloud-worker=32768"
    "memorysetup-temp-allocator-size-gi-baking-worker=262144"
    "memorysetup-temp-allocator-size-gfx=262144"
Player connection [11972] Host "[IP] 192.168.1.4 [Port] 0 [Flags] 2 [Guid] 2745295745 [EditorId] 2745295745 [Version] 1048832 [Id] WindowsEditor(7,DESKTOP-K4PP8T0) [Debug] 1 [PackageName] WindowsEditor [ProjectName] Editor" joined multi-casting on [225.0.0.222:54997]...

Player connection [11972] Host "[IP] 192.168.1.4 [Port] 0 [Flags] 2 [Guid] 2745295745 [EditorId] 2745295745 [Version] 1048832 [Id] WindowsEditor(7,DESKTOP-K4PP8T0) [Debug] 1 [PackageName] WindowsEditor [ProjectName] Editor" joined alternative multi-casting on [225.0.0.222:34997]...

Refreshing native plugins compatible for Editor in 367.95 ms, found 4 plugins.
Preloading 0 native plugins for Editor in 0.00 ms.
Initialize engine version: 2021.3.18f1 (3129e69bc0c7)
[Subsystems] Discovering subsystems at path E:/Unity/2021.3.18f1/Editor/Data/Resources/UnitySubsystems
[Subsystems] Discovering subsystems at path E:/WeaponShowCase/WeaponRenderShowCase/Assets
GfxDevice: creating device client; threaded=0; jobified=0
Direct3D:
    Version:  Direct3D 11.0 [level 11.1]
    Renderer: NVIDIA GeForce GTX 1070 (ID=0x1ba1)
    Vendor:   NVIDIA
    VRAM:     8074 MB
    Driver:   31.0.15.2849
Initialize mono
Mono path[0] = 'E:/Unity/2021.3.18f1/Editor/Data/Managed'
Mono path[1] = 'E:/Unity/2021.3.18f1/Editor/Data/MonoBleedingEdge/lib/mono/unityjit-win32'
Mono config path = 'E:/Unity/2021.3.18f1/Editor/Data/MonoBleedingEdge/etc'
Using monoOptions --debugger-agent=transport=dt_socket,embedding=1,server=y,suspend=n,address=127.0.0.1:56596
Begin MonoManager ReloadAssembly
Registering precompiled unity dll's ...
Register platform support module: E:/Unity/2021.3.18f1/Editor/Data/PlaybackEngines/WindowsStandaloneSupport/UnityEditor.WindowsStandalone.Extensions.dll
Registered in 0.007071 seconds.
Native extension for WindowsStandalone target not found
Refreshing native plugins compatible for Editor in 367.90 ms, found 4 plugins.
Preloading 0 native plugins for Editor in 0.00 ms.
Mono: successfully reloaded assembly
- Completed reload, in  1.243 seconds
Domain Reload Profiling:
	ReloadAssembly (1244ms)
		BeginReloadAssembly (109ms)
			ExecutionOrderSort (0ms)
			DisableScriptedObjects (0ms)
			BackupInstance (0ms)
			ReleaseScriptingObjects (0ms)
			CreateAndSetChildDomain (1ms)
		EndReloadAssembly (958ms)
			LoadAssemblies (109ms)
			RebuildTransferFunctionScriptingTraits (0ms)
			SetupTypeCache (208ms)
			ReleaseScriptCaches (0ms)
			RebuildScriptCaches (44ms)
			SetupLoadedEditorAssemblies (628ms)
				LogAssemblyErrors (0ms)
				InitializePlatformSupportModulesInManaged (10ms)
				SetLoadedEditorAssemblies (0ms)
				RefreshPlugins (368ms)
				BeforeProcessingInitializeOnLoad (1ms)
				ProcessInitializeOnLoadAttributes (180ms)
				ProcessInitializeOnLoadMethodAttributes (68ms)
				AfterProcessingInitializeOnLoad (0ms)
				EditorAssembliesLoaded (0ms)
			ExecutionOrderSort2 (0ms)
			AwakeInstancesAfterBackupRestoration (0ms)
Platform modules already initialized, skipping
Registering precompiled user dll's ...
Registered in 0.007848 seconds.
Begin MonoManager ReloadAssembly
Symbol file LoadedFromMemory doesn't match image E:\WeaponShowCase\WeaponRenderShowCase\Library\PackageCache\com.unity.visualscripting@1.8.0\Editor\VisualScripting.Core\Dependencies\YamlDotNet\Unity.VisualScripting.YamlDotNet.dll
Symbol file LoadedFromMemory doesn't match image E:\WeaponShowCase\WeaponRenderShowCase\Library\PackageCache\com.unity.visualscripting@1.8.0\Editor\VisualScripting.Core\Dependencies\DotNetZip\Unity.VisualScripting.IonicZip.dll
Native extension for WindowsStandalone target not found
Refreshing native plugins compatible for Editor in 344.82 ms, found 4 plugins.
Preloading 0 native plugins for Editor in 0.00 ms.
Package Manager log level set to [2]
Mono: successfully reloaded assembly
- Completed reload, in 11.520 seconds
Domain Reload Profiling:
	ReloadAssembly (11522ms)
		BeginReloadAssembly (160ms)
			ExecutionOrderSort (0ms)
			DisableScriptedObjects (8ms)
			BackupInstance (0ms)
			ReleaseScriptingObjects (0ms)
			CreateAndSetChildDomain (31ms)
		EndReloadAssembly (11092ms)
			LoadAssemblies (2465ms)
			RebuildTransferFunctionScriptingTraits (0ms)
			SetupTypeCache (556ms)
			ReleaseScriptCaches (2ms)
			RebuildScriptCaches (187ms)
			SetupLoadedEditorAssemblies (7793ms)
				LogAssemblyErrors (0ms)
				InitializePlatformSupportModulesInManaged (5ms)
				SetLoadedEditorAssemblies (0ms)
				RefreshPlugins (345ms)
				BeforeProcessingInitializeOnLoad (211ms)
				ProcessInitializeOnLoadAttributes (5838ms)
				ProcessInitializeOnLoadMethodAttributes (1388ms)
				AfterProcessingInitializeOnLoad (6ms)
				EditorAssembliesLoaded (0ms)
			ExecutionOrderSort2 (0ms)
			AwakeInstancesAfterBackupRestoration (12ms)
Platform modules already initialized, skipping
========================================================================
Worker process is ready to serve import requests
Launched and connected shader compiler UnityShaderCompiler.exe after 0.17 seconds
Refreshing native plugins compatible for Editor in 15.59 ms, found 4 plugins.
Preloading 0 native plugins for Editor in 0.00 ms.
Unloading 7800 Unused Serialized files (Serialized files now loaded: 0)
Unloading 162 unused Assets / (13.0 MB). Loaded Objects now: 8158.
Memory consumption went from 488.9 MB to 475.9 MB.
Total: 16.390200 ms (FindLiveObjects: 1.104200 ms CreateObjectMapping: 3.069500 ms MarkObjects: 5.609700 ms  DeleteObjects: 6.483600 ms)

AssetImportParameters requested are different than current active one (requested -> active):
  custom:video-decoder-ogg-theora: a1e56fd34408186e4bbccfd4996cb3dc -> 
  custom:container-muxer-webm: aa71ff27fc2769a1b78a27578f13a17b -> 
  custom:container-demuxer-webm: 4f35f7cbe854078d1ac9338744f61a02 -> 
  custom:video-encoder-webm-vp8: eb34c28f22e8b96e1ab97ce403110664 -> 
  custom:audio-encoder-webm-vorbis: bf7c407c2cedff20999df2af8eb42d56 -> 
  custom:framework-win-MediaFoundation: 216162199b28c13a410421893ffa2e32 -> 
  custom:container-demuxer-ogg: 62fdf1f143b41e24485cea50d1cbac27 -> 
  custom:video-decoder-webm-vp8: 9c59270c3fd7afecdb556c50c9e8de78 -> 
  custom:audio-decoder-ogg-vorbis: bf7c407c2cedff20999df2af8eb42d56 -> 
========================================================================
Received Import Request.
  Time since last request: 247417.124776 seconds.
  path: Assets/1_BlackHole/Particle
  artifactKey: Guid(4b3ebb4744e708f4eb270087a12fec85) Importer(815301076,1909f56bfc062723c751e8b465ee728b)
Start importing Assets/1_BlackHole/Particle using Guid(4b3ebb4744e708f4eb270087a12fec85) Importer(815301076,1909f56bfc062723c751e8b465ee728b)  -> (artifact id: '0a5bf87c71695b4b2dc4e1e000c4ba1f') in 0.036439 seconds 
========================================================================
Received Import Request.
  Time since last request: 92.489131 seconds.
  path: Assets/1_BlackHole/Particle/ParticleSpere.vfx
  artifactKey: Guid(4d53a07dcdced404599779d69c747647) Importer(815301076,1909f56bfc062723c751e8b465ee728b)
Start importing Assets/1_BlackHole/Particle/ParticleSpere.vfx using Guid(4d53a07dcdced404599779d69c747647) Importer(815301076,1909f56bfc062723c751e8b465ee728b)  -> (artifact id: 'f0d25b22794b450f2658494a1b2a447d') in 3.199088 seconds 
========================================================================
Received Import Request.
  Time since last request: 118.876681 seconds.
  path: Assets/1_BlackHole/Particle/ParticleSpere.vfx
  artifactKey: Guid(4d53a07dcdced404599779d69c747647) Importer(815301076,1909f56bfc062723c751e8b465ee728b)
Start importing Assets/1_BlackHole/Particle/ParticleSpere.vfx using Guid(4d53a07dcdced404599779d69c747647) Importer(815301076,1909f56bfc062723c751e8b465ee728b)  -> (artifact id: 'bd19e351dee0e30b6b55c4a15dccee93') in 0.016745 seconds 
========================================================================
Received Import Request.
  Time since last request: 8.855765 seconds.
  path: Assets/1_BlackHole/Particle/ParticleSpere.vfx
  artifactKey: Guid(4d53a07dcdced404599779d69c747647) Importer(815301076,1909f56bfc062723c751e8b465ee728b)
Start importing Assets/1_BlackHole/Particle/ParticleSpere.vfx using Guid(4d53a07dcdced404599779d69c747647) Importer(815301076,1909f56bfc062723c751e8b465ee728b)  -> (artifact id: '0de5636b7b4e372826d012cfcbe1eb07') in 0.260588 seconds 
========================================================================
Received Import Request.
  Time since last request: 256.287160 seconds.
  path: Assets/1_BlackHole/Particle/ParticleSpere.vfx
  artifactKey: Guid(4d53a07dcdced404599779d69c747647) Importer(815301076,1909f56bfc062723c751e8b465ee728b)
Start importing Assets/1_BlackHole/Particle/ParticleSpere.vfx using Guid(4d53a07dcdced404599779d69c747647) Importer(815301076,1909f56bfc062723c751e8b465ee728b)  -> (artifact id: '3786e897d14a845e8356f210f72cf5be') in 0.200997 seconds 
========================================================================
Received Import Request.
  Time since last request: 21.943868 seconds.
  path: Assets/1_BlackHole/Particle/ParticleSpere.vfx
  artifactKey: Guid(4d53a07dcdced404599779d69c747647) Importer(815301076,1909f56bfc062723c751e8b465ee728b)
Start importing Assets/1_BlackHole/Particle/ParticleSpere.vfx using Guid(4d53a07dcdced404599779d69c747647) Importer(815301076,1909f56bfc062723c751e8b465ee728b)  -> (artifact id: '7134b2f73b37afb4c5d39f25f8e1669e') in 0.291524 seconds 
========================================================================
Received Import Request.
  Time since last request: 374.699706 seconds.
  path: Assets/1_BlackHole/Particle/ParticleSpere.vfx
  artifactKey: Guid(4d53a07dcdced404599779d69c747647) Importer(815301076,1909f56bfc062723c751e8b465ee728b)
Start importing Assets/1_BlackHole/Particle/ParticleSpere.vfx using Guid(4d53a07dcdced404599779d69c747647) Importer(815301076,1909f56bfc062723c751e8b465ee728b)  -> (artifact id: '4d798cdeb2453de83886ad585086f9b9') in 0.263919 seconds 
========================================================================
Received Import Request.
  Time since last request: 25.079258 seconds.
  path: Assets/1_BlackHole/Particle/ParticleSpere.vfx
  artifactKey: Guid(4d53a07dcdced404599779d69c747647) Importer(815301076,1909f56bfc062723c751e8b465ee728b)
Start importing Assets/1_BlackHole/Particle/ParticleSpere.vfx using Guid(4d53a07dcdced404599779d69c747647) Importer(815301076,1909f56bfc062723c751e8b465ee728b)  -> (artifact id: '860def165da018b5fd5a8d4afe405e6c') in 0.311138 seconds 
========================================================================
Received Import Request.
  Time since last request: 3170.406673 seconds.
  path: Assets/1_BlackHole/Particle/ParticleSpere.vfx
  artifactKey: Guid(4d53a07dcdced404599779d69c747647) Importer(815301076,1909f56bfc062723c751e8b465ee728b)
Start importing Assets/1_BlackHole/Particle/ParticleSpere.vfx using Guid(4d53a07dcdced404599779d69c747647) Importer(815301076,1909f56bfc062723c751e8b465ee728b)  -> (artifact id: 'f3b456d856dc61d5cdba72ecdc783d58') in 0.631860 seconds 
========================================================================
Received Import Request.
  Time since last request: 37.385989 seconds.
  path: Assets/1_BlackHole/Particle/ParticleSpere.vfx
  artifactKey: Guid(4d53a07dcdced404599779d69c747647) Importer(815301076,1909f56bfc062723c751e8b465ee728b)
Start importing Assets/1_BlackHole/Particle/ParticleSpere.vfx using Guid(4d53a07dcdced404599779d69c747647) Importer(815301076,1909f56bfc062723c751e8b465ee728b)  -> (artifact id: 'd8b2012e7290437319aea6f0e77b0c0a') in 0.339568 seconds 
========================================================================
Received Import Request.
  Time since last request: 3.480066 seconds.
  path: Assets/1_BlackHole/Particle/ParticleSpere.vfx
  artifactKey: Guid(4d53a07dcdced404599779d69c747647) Importer(815301076,1909f56bfc062723c751e8b465ee728b)
Start importing Assets/1_BlackHole/Particle/ParticleSpere.vfx using Guid(4d53a07dcdced404599779d69c747647) Importer(815301076,1909f56bfc062723c751e8b465ee728b)  -> (artifact id: 'cd38aecd77db3983468db8437edff263') in 0.402011 seconds 
========================================================================
Received Import Request.
  Time since last request: 2.695391 seconds.
  path: Assets/1_BlackHole/Particle/ParticleSpere.vfx
  artifactKey: Guid(4d53a07dcdced404599779d69c747647) Importer(815301076,1909f56bfc062723c751e8b465ee728b)
Start importing Assets/1_BlackHole/Particle/ParticleSpere.vfx using Guid(4d53a07dcdced404599779d69c747647) Importer(815301076,1909f56bfc062723c751e8b465ee728b)  -> (artifact id: 'ffd6db33944215240f55dbf49fb86357') in 0.370604 seconds 
========================================================================
Received Import Request.
  Time since last request: 52.157057 seconds.
  path: Assets/1_BlackHole/Particle/ParticleSpere.vfx
  artifactKey: Guid(4d53a07dcdced404599779d69c747647) Importer(815301076,1909f56bfc062723c751e8b465ee728b)
Start importing Assets/1_BlackHole/Particle/ParticleSpere.vfx using Guid(4d53a07dcdced404599779d69c747647) Importer(815301076,1909f56bfc062723c751e8b465ee728b)  -> (artifact id: 'e058172b3d9995eb8fccd577a2f1262f') in 0.411069 seconds 
========================================================================
Received Import Request.
  Time since last request: 85.340150 seconds.
  path: Assets/1_BlackHole/Particle/ParticleSpere.vfx
  artifactKey: Guid(4d53a07dcdced404599779d69c747647) Importer(815301076,1909f56bfc062723c751e8b465ee728b)
Start importing Assets/1_BlackHole/Particle/ParticleSpere.vfx using Guid(4d53a07dcdced404599779d69c747647) Importer(815301076,1909f56bfc062723c751e8b465ee728b)  -> (artifact id: '05661d074109193a6f5d4ad40fdbe8e6') in 0.028380 seconds 
========================================================================
Received Import Request.
  Time since last request: 22.282688 seconds.
  path: Assets/1_BlackHole/Particle/ParticleSpere.vfx
  artifactKey: Guid(4d53a07dcdced404599779d69c747647) Importer(815301076,1909f56bfc062723c751e8b465ee728b)
Start importing Assets/1_BlackHole/Particle/ParticleSpere.vfx using Guid(4d53a07dcdced404599779d69c747647) Importer(815301076,1909f56bfc062723c751e8b465ee728b)  -> (artifact id: '4106f2901bdd195cbd668d51cca267ba') in 0.325480 seconds 
========================================================================
Received Import Request.
  Time since last request: 11.929467 seconds.
  path: Assets/1_BlackHole/Particle/ParticleSpere.vfx
  artifactKey: Guid(4d53a07dcdced404599779d69c747647) Importer(815301076,1909f56bfc062723c751e8b465ee728b)
Start importing Assets/1_BlackHole/Particle/ParticleSpere.vfx using Guid(4d53a07dcdced404599779d69c747647) Importer(815301076,1909f56bfc062723c751e8b465ee728b)  -> (artifact id: '20d8ee7c5dc881f3ccf48dc50d82a1b6') in 0.024806 seconds 
========================================================================
Received Import Request.
  Time since last request: 66.864552 seconds.
  path: Assets/1_BlackHole/Particle/ParticleSpere.vfx
  artifactKey: Guid(4d53a07dcdced404599779d69c747647) Importer(815301076,1909f56bfc062723c751e8b465ee728b)
Start importing Assets/1_BlackHole/Particle/ParticleSpere.vfx using Guid(4d53a07dcdced404599779d69c747647) Importer(815301076,1909f56bfc062723c751e8b465ee728b)  -> (artifact id: 'b2a6224e2b6a20bd7c2e15aa47a1956a') in 0.367744 seconds 
========================================================================
Received Import Request.
  Time since last request: 41.730108 seconds.
  path: Assets/1_BlackHole/Particle/ParticleSpere.vfx
  artifactKey: Guid(4d53a07dcdced404599779d69c747647) Importer(815301076,1909f56bfc062723c751e8b465ee728b)
Start importing Assets/1_BlackHole/Particle/ParticleSpere.vfx using Guid(4d53a07dcdced404599779d69c747647) Importer(815301076,1909f56bfc062723c751e8b465ee728b)  -> (artifact id: '8a6c8c81e67f54cc236f3b9ffa2af0d9') in 0.017632 seconds 
========================================================================
Received Import Request.
  Time since last request: 113.067860 seconds.
  path: Assets/1_BlackHole/Particle/ParticleSpere.vfx
  artifactKey: Guid(4d53a07dcdced404599779d69c747647) Importer(815301076,1909f56bfc062723c751e8b465ee728b)
Start importing Assets/1_BlackHole/Particle/ParticleSpere.vfx using Guid(4d53a07dcdced404599779d69c747647) Importer(815301076,1909f56bfc062723c751e8b465ee728b)  -> (artifact id: '6a07df3bd7b00d862d4c344d17972b3f') in 0.694555 seconds 
========================================================================
Received Import Request.
  Time since last request: 78.905552 seconds.
  path: Assets/1_BlackHole/Particle/OrbEffect.vfx
  artifactKey: Guid(374f4c82a4584914ab96c4f1b9c8898a) Importer(815301076,1909f56bfc062723c751e8b465ee728b)
Start importing Assets/1_BlackHole/Particle/OrbEffect.vfx using Guid(374f4c82a4584914ab96c4f1b9c8898a) Importer(815301076,1909f56bfc062723c751e8b465ee728b)  -> (artifact id: '653225278c460989dd714b551a73a7f1') in 0.269283 seconds 
========================================================================
Received Import Request.
  Time since last request: 1.022924 seconds.
  path: Assets/1_BlackHole/Particle/OrbEffect.vfx
  artifactKey: Guid(374f4c82a4584914ab96c4f1b9c8898a) Importer(815301076,1909f56bfc062723c751e8b465ee728b)
Start importing Assets/1_BlackHole/Particle/OrbEffect.vfx using Guid(374f4c82a4584914ab96c4f1b9c8898a) Importer(815301076,1909f56bfc062723c751e8b465ee728b)  -> (artifact id: 'ce04bd7504a4a3b6b7e93d0ca5b15406') in 0.246884 seconds 
========================================================================
Received Import Request.
  Time since last request: 222.799148 seconds.
  path: Assets/1_BlackHole/Particle/OrbEffect.vfx
  artifactKey: Guid(374f4c82a4584914ab96c4f1b9c8898a) Importer(815301076,1909f56bfc062723c751e8b465ee728b)
Start importing Assets/1_BlackHole/Particle/OrbEffect.vfx using Guid(374f4c82a4584914ab96c4f1b9c8898a) Importer(815301076,1909f56bfc062723c751e8b465ee728b)  -> (artifact id: '6dbb76fb72ec0e72ae89f978a66f4add') in 0.369755 seconds 
========================================================================
Received Import Request.
  Time since last request: 9.736692 seconds.
  path: Assets/1_BlackHole/Particle/OrbEffect.vfx
  artifactKey: Guid(374f4c82a4584914ab96c4f1b9c8898a) Importer(815301076,1909f56bfc062723c751e8b465ee728b)
Start importing Assets/1_BlackHole/Particle/OrbEffect.vfx using Guid(374f4c82a4584914ab96c4f1b9c8898a) Importer(815301076,1909f56bfc062723c751e8b465ee728b)  -> (artifact id: 'f9e4b36a4fa7c6d97b58c6942030d9c4') in 0.017923 seconds 
========================================================================
Received Import Request.
  Time since last request: 36.398578 seconds.
  path: Assets/1_BlackHole/Particle/OrbEffect.vfx
  artifactKey: Guid(374f4c82a4584914ab96c4f1b9c8898a) Importer(815301076,1909f56bfc062723c751e8b465ee728b)
Start importing Assets/1_BlackHole/Particle/OrbEffect.vfx using Guid(374f4c82a4584914ab96c4f1b9c8898a) Importer(815301076,1909f56bfc062723c751e8b465ee728b)  -> (artifact id: '9d2d90f5fd3556de2545961e8f23c9b0') in 0.015547 seconds 
========================================================================
Received Import Request.
  Time since last request: 5.725624 seconds.
  path: Assets/1_BlackHole/Particle/OrbEffect.vfx
  artifactKey: Guid(374f4c82a4584914ab96c4f1b9c8898a) Importer(815301076,1909f56bfc062723c751e8b465ee728b)
Start importing Assets/1_BlackHole/Particle/OrbEffect.vfx using Guid(374f4c82a4584914ab96c4f1b9c8898a) Importer(815301076,1909f56bfc062723c751e8b465ee728b)  -> (artifact id: 'd77e78a1ea274dd7bab7892e6412b6ea') in 0.019657 seconds 
========================================================================
Received Import Request.
  Time since last request: 55.446366 seconds.
  path: Assets/1_BlackHole/Particle/OrbEffect.vfx
  artifactKey: Guid(374f4c82a4584914ab96c4f1b9c8898a) Importer(815301076,1909f56bfc062723c751e8b465ee728b)
Start importing Assets/1_BlackHole/Particle/OrbEffect.vfx using Guid(374f4c82a4584914ab96c4f1b9c8898a) Importer(815301076,1909f56bfc062723c751e8b465ee728b)  -> (artifact id: '61d19d074535bf6f5695aac356426d34') in 0.025454 seconds 
========================================================================
Received Import Request.
  Time since last request: 17.455800 seconds.
  path: Assets/1_BlackHole/Particle/OrbEffect.vfx
  artifactKey: Guid(374f4c82a4584914ab96c4f1b9c8898a) Importer(815301076,1909f56bfc062723c751e8b465ee728b)
Start importing Assets/1_BlackHole/Particle/OrbEffect.vfx using Guid(374f4c82a4584914ab96c4f1b9c8898a) Importer(815301076,1909f56bfc062723c751e8b465ee728b)  -> (artifact id: '3e97c3cf2fc163f1dd058786cd2961c4') in 0.288485 seconds 
========================================================================
Received Import Request.
  Time since last request: 11.518677 seconds.
  path: Assets/1_BlackHole/Particle/OrbEffect.vfx
  artifactKey: Guid(374f4c82a4584914ab96c4f1b9c8898a) Importer(815301076,1909f56bfc062723c751e8b465ee728b)
Start importing Assets/1_BlackHole/Particle/OrbEffect.vfx using Guid(374f4c82a4584914ab96c4f1b9c8898a) Importer(815301076,1909f56bfc062723c751e8b465ee728b)  -> (artifact id: '5849d831e042f896885d9de8566b2970') in 0.017255 seconds 
========================================================================
Received Import Request.
  Time since last request: 16.685466 seconds.
  path: Assets/1_BlackHole/Particle/OrbEffect.vfx
  artifactKey: Guid(374f4c82a4584914ab96c4f1b9c8898a) Importer(815301076,1909f56bfc062723c751e8b465ee728b)
Start importing Assets/1_BlackHole/Particle/OrbEffect.vfx using Guid(374f4c82a4584914ab96c4f1b9c8898a) Importer(815301076,1909f56bfc062723c751e8b465ee728b)  -> (artifact id: 'b221233ca7018fce4dcf16284201a2c9') in 0.020518 seconds 
========================================================================
Received Import Request.
  Time since last request: 22.172081 seconds.
  path: Assets/1_BlackHole/Particle/OrbEffect.vfx
  artifactKey: Guid(374f4c82a4584914ab96c4f1b9c8898a) Importer(815301076,1909f56bfc062723c751e8b465ee728b)
Start importing Assets/1_BlackHole/Particle/OrbEffect.vfx using Guid(374f4c82a4584914ab96c4f1b9c8898a) Importer(815301076,1909f56bfc062723c751e8b465ee728b)  -> (artifact id: '8dc8ec8c100b8b82cee3d1d4336d195e') in 0.020827 seconds 
========================================================================
Received Import Request.
  Time since last request: 8.283357 seconds.
  path: Assets/1_BlackHole/Particle/OrbEffect.vfx
  artifactKey: Guid(374f4c82a4584914ab96c4f1b9c8898a) Importer(815301076,1909f56bfc062723c751e8b465ee728b)
Start importing Assets/1_BlackHole/Particle/OrbEffect.vfx using Guid(374f4c82a4584914ab96c4f1b9c8898a) Importer(815301076,1909f56bfc062723c751e8b465ee728b)  -> (artifact id: '237c594d17e85d0633ae2087692c35de') in 0.018505 seconds 
========================================================================
Received Import Request.
  Time since last request: 42.716777 seconds.
  path: Assets/1_BlackHole/Particle/OrbEffect.vfx
  artifactKey: Guid(374f4c82a4584914ab96c4f1b9c8898a) Importer(815301076,1909f56bfc062723c751e8b465ee728b)
Start importing Assets/1_BlackHole/Particle/OrbEffect.vfx using Guid(374f4c82a4584914ab96c4f1b9c8898a) Importer(815301076,1909f56bfc062723c751e8b465ee728b)  -> (artifact id: 'c2529bad93a554ba22de7af6d8d35da5') in 0.022543 seconds 
========================================================================
Received Import Request.
  Time since last request: 16.431787 seconds.
  path: Assets/1_BlackHole/Particle/OrbEffect.vfx
  artifactKey: Guid(374f4c82a4584914ab96c4f1b9c8898a) Importer(815301076,1909f56bfc062723c751e8b465ee728b)
Start importing Assets/1_BlackHole/Particle/OrbEffect.vfx using Guid(374f4c82a4584914ab96c4f1b9c8898a) Importer(815301076,1909f56bfc062723c751e8b465ee728b)  -> (artifact id: '7e1bcc5a7a95fca9b1c5361465ad4b26') in 0.019951 seconds 
========================================================================
Received Import Request.
  Time since last request: 11.978984 seconds.
  path: Assets/1_BlackHole/Particle/OrbEffect.vfx
  artifactKey: Guid(374f4c82a4584914ab96c4f1b9c8898a) Importer(815301076,1909f56bfc062723c751e8b465ee728b)
Start importing Assets/1_BlackHole/Particle/OrbEffect.vfx using Guid(374f4c82a4584914ab96c4f1b9c8898a) Importer(815301076,1909f56bfc062723c751e8b465ee728b)  -> (artifact id: 'd252d50d2d8c3501a91907d08dd63bdb') in 0.018011 seconds 
========================================================================
Received Import Request.
  Time since last request: 19.611873 seconds.
  path: Assets/1_BlackHole/Particle/OrbEffect.vfx
  artifactKey: Guid(374f4c82a4584914ab96c4f1b9c8898a) Importer(815301076,1909f56bfc062723c751e8b465ee728b)
Start importing Assets/1_BlackHole/Particle/OrbEffect.vfx using Guid(374f4c82a4584914ab96c4f1b9c8898a) Importer(815301076,1909f56bfc062723c751e8b465ee728b)  -> (artifact id: 'e5aa19fff84dd832e1365238f3e1ddd5') in 0.021869 seconds 
========================================================================
Received Import Request.
  Time since last request: 6.164632 seconds.
  path: Assets/1_BlackHole/Particle/OrbEffect.vfx
  artifactKey: Guid(374f4c82a4584914ab96c4f1b9c8898a) Importer(815301076,1909f56bfc062723c751e8b465ee728b)
Start importing Assets/1_BlackHole/Particle/OrbEffect.vfx using Guid(374f4c82a4584914ab96c4f1b9c8898a) Importer(815301076,1909f56bfc062723c751e8b465ee728b)  -> (artifact id: '4fa9de2f4e18664e77b3debad6718f9b') in 0.016255 seconds 
========================================================================
Received Import Request.
  Time since last request: 16.859948 seconds.
  path: Assets/1_BlackHole/Particle/OrbEffect.vfx
  artifactKey: Guid(374f4c82a4584914ab96c4f1b9c8898a) Importer(815301076,1909f56bfc062723c751e8b465ee728b)
Start importing Assets/1_BlackHole/Particle/OrbEffect.vfx using Guid(374f4c82a4584914ab96c4f1b9c8898a) Importer(815301076,1909f56bfc062723c751e8b465ee728b)  -> (artifact id: 'ffab506dc1b5ac6e09f4be0d99ea3663') in 0.022887 seconds 
========================================================================
Received Import Request.
  Time since last request: 99.098958 seconds.
  path: Assets/1_BlackHole/Particle/OrbEffect.vfx
  artifactKey: Guid(374f4c82a4584914ab96c4f1b9c8898a) Importer(815301076,1909f56bfc062723c751e8b465ee728b)
Start importing Assets/1_BlackHole/Particle/OrbEffect.vfx using Guid(374f4c82a4584914ab96c4f1b9c8898a) Importer(815301076,1909f56bfc062723c751e8b465ee728b)  -> (artifact id: 'c59981947a9a4d44e45b32ec93f47dd7') in 0.026694 seconds 
========================================================================
Received Import Request.
  Time since last request: 12.890403 seconds.
  path: Assets/1_BlackHole/Particle/OrbEffect.vfx
  artifactKey: Guid(374f4c82a4584914ab96c4f1b9c8898a) Importer(815301076,1909f56bfc062723c751e8b465ee728b)
Start importing Assets/1_BlackHole/Particle/OrbEffect.vfx using Guid(374f4c82a4584914ab96c4f1b9c8898a) Importer(815301076,1909f56bfc062723c751e8b465ee728b)  -> (artifact id: '9e9e3fe495456fd574941d9ac6328f06') in 0.021060 seconds 
========================================================================
Received Import Request.
  Time since last request: 12.188655 seconds.
  path: Assets/1_BlackHole/Particle/OrbEffect.vfx
  artifactKey: Guid(374f4c82a4584914ab96c4f1b9c8898a) Importer(815301076,1909f56bfc062723c751e8b465ee728b)
Start importing Assets/1_BlackHole/Particle/OrbEffect.vfx using Guid(374f4c82a4584914ab96c4f1b9c8898a) Importer(815301076,1909f56bfc062723c751e8b465ee728b)  -> (artifact id: '2a39d53a0bcf73d1440d416c903ea532') in 0.038756 seconds 
========================================================================
Received Import Request.
  Time since last request: 96.338311 seconds.
  path: Assets/1_BlackHole/Particle/OrbEffect.vfx
  artifactKey: Guid(374f4c82a4584914ab96c4f1b9c8898a) Importer(815301076,1909f56bfc062723c751e8b465ee728b)
Start importing Assets/1_BlackHole/Particle/OrbEffect.vfx using Guid(374f4c82a4584914ab96c4f1b9c8898a) Importer(815301076,1909f56bfc062723c751e8b465ee728b)  -> (artifact id: '57c37ec90576e75d34675aad80e0c926') in 0.019505 seconds 
========================================================================
Received Import Request.
  Time since last request: 350.603278 seconds.
  path: Assets/1_BlackHole/Particle/OrbEffect.vfx
  artifactKey: Guid(374f4c82a4584914ab96c4f1b9c8898a) Importer(815301076,1909f56bfc062723c751e8b465ee728b)
Start importing Assets/1_BlackHole/Particle/OrbEffect.vfx using Guid(374f4c82a4584914ab96c4f1b9c8898a) Importer(815301076,1909f56bfc062723c751e8b465ee728b)  -> (artifact id: 'dfb5b76243249b992b29d83c52c1b3ca') in 0.030057 seconds 
========================================================================
Received Import Request.
  Time since last request: 3.972715 seconds.
  path: Assets/1_BlackHole/Particle/OrbEffect.vfx
  artifactKey: Guid(374f4c82a4584914ab96c4f1b9c8898a) Importer(815301076,1909f56bfc062723c751e8b465ee728b)
Start importing Assets/1_BlackHole/Particle/OrbEffect.vfx using Guid(374f4c82a4584914ab96c4f1b9c8898a) Importer(815301076,1909f56bfc062723c751e8b465ee728b)  -> (artifact id: '0270055e453465cbe489a0e2ac083d9c') in 0.016814 seconds 
========================================================================
Received Import Request.
  Time since last request: 112.627512 seconds.
  path: Assets/1_BlackHole/Particle/OrbEffect.vfx
  artifactKey: Guid(374f4c82a4584914ab96c4f1b9c8898a) Importer(815301076,1909f56bfc062723c751e8b465ee728b)
Start importing Assets/1_BlackHole/Particle/OrbEffect.vfx using Guid(374f4c82a4584914ab96c4f1b9c8898a) Importer(815301076,1909f56bfc062723c751e8b465ee728b)  -> (artifact id: '8c9701e1fc96a0af91eb4dc164932c17') in 0.034203 seconds 
========================================================================
Received Import Request.
  Time since last request: 7.437638 seconds.
  path: Assets/1_BlackHole/Particle/OrbEffect.vfx
  artifactKey: Guid(374f4c82a4584914ab96c4f1b9c8898a) Importer(815301076,1909f56bfc062723c751e8b465ee728b)
Start importing Assets/1_BlackHole/Particle/OrbEffect.vfx using Guid(374f4c82a4584914ab96c4f1b9c8898a) Importer(815301076,1909f56bfc062723c751e8b465ee728b)  -> (artifact id: '686a167f0e3e6b9b17d3b030bb5532f3') in 0.042222 seconds 
========================================================================
Received Import Request.
  Time since last request: 127.837398 seconds.
  path: Assets/1_BlackHole/Particle/OrbEffect.vfx
  artifactKey: Guid(374f4c82a4584914ab96c4f1b9c8898a) Importer(815301076,1909f56bfc062723c751e8b465ee728b)
Start importing Assets/1_BlackHole/Particle/OrbEffect.vfx using Guid(374f4c82a4584914ab96c4f1b9c8898a) Importer(815301076,1909f56bfc062723c751e8b465ee728b)  -> (artifact id: '7c54c176eab64d08f1bb51359f2ad44e') in 0.024681 seconds 
========================================================================
Received Import Request.
  Time since last request: 46.565598 seconds.
  path: Assets/1_BlackHole/Particle/OrbEffect.vfx
  artifactKey: Guid(374f4c82a4584914ab96c4f1b9c8898a) Importer(815301076,1909f56bfc062723c751e8b465ee728b)
Start importing Assets/1_BlackHole/Particle/OrbEffect.vfx using Guid(374f4c82a4584914ab96c4f1b9c8898a) Importer(815301076,1909f56bfc062723c751e8b465ee728b)  -> (artifact id: '8148afd60a956e96297e1b12e68e4aa4') in 0.019134 seconds 
========================================================================
Received Import Request.
  Time since last request: 5.683569 seconds.
  path: Assets/1_BlackHole/Particle/OrbEffect.vfx
  artifactKey: Guid(374f4c82a4584914ab96c4f1b9c8898a) Importer(815301076,1909f56bfc062723c751e8b465ee728b)
Start importing Assets/1_BlackHole/Particle/OrbEffect.vfx using Guid(374f4c82a4584914ab96c4f1b9c8898a) Importer(815301076,1909f56bfc062723c751e8b465ee728b)  -> (artifact id: '432d70ae81b93e2abc75b4f463bba8e0') in 0.028679 seconds 
========================================================================
Received Import Request.
  Time since last request: 30.891032 seconds.
  path: Assets/1_BlackHole/Particle/OrbEffect.vfx
  artifactKey: Guid(374f4c82a4584914ab96c4f1b9c8898a) Importer(815301076,1909f56bfc062723c751e8b465ee728b)
Start importing Assets/1_BlackHole/Particle/OrbEffect.vfx using Guid(374f4c82a4584914ab96c4f1b9c8898a) Importer(815301076,1909f56bfc062723c751e8b465ee728b)  -> (artifact id: 'd5e32cc5723ac098ffbbbda798974fd8') in 0.016710 seconds 
========================================================================
Received Import Request.
  Time since last request: 9.847736 seconds.
  path: Assets/1_BlackHole/Particle/OrbEffect.vfx
  artifactKey: Guid(374f4c82a4584914ab96c4f1b9c8898a) Importer(815301076,1909f56bfc062723c751e8b465ee728b)
Start importing Assets/1_BlackHole/Particle/OrbEffect.vfx using Guid(374f4c82a4584914ab96c4f1b9c8898a) Importer(815301076,1909f56bfc062723c751e8b465ee728b)  -> (artifact id: 'bcc9d94f9ea7d905fac058129b40e3a6') in 0.019667 seconds 
========================================================================
Received Import Request.
  Time since last request: 4.910641 seconds.
  path: Assets/1_BlackHole/Particle/OrbEffect.vfx
  artifactKey: Guid(374f4c82a4584914ab96c4f1b9c8898a) Importer(815301076,1909f56bfc062723c751e8b465ee728b)
Start importing Assets/1_BlackHole/Particle/OrbEffect.vfx using Guid(374f4c82a4584914ab96c4f1b9c8898a) Importer(815301076,1909f56bfc062723c751e8b465ee728b)  -> (artifact id: 'e78b0faeb5bcfafcba3ac433dd216c5d') in 0.021032 seconds 
========================================================================
Received Import Request.
  Time since last request: 76.769754 seconds.
  path: Assets/1_BlackHole/Particle/OrbEffect.vfx
  artifactKey: Guid(374f4c82a4584914ab96c4f1b9c8898a) Importer(815301076,1909f56bfc062723c751e8b465ee728b)
Start importing Assets/1_BlackHole/Particle/OrbEffect.vfx using Guid(374f4c82a4584914ab96c4f1b9c8898a) Importer(815301076,1909f56bfc062723c751e8b465ee728b)  -> (artifact id: 'a088bf5fde759afb4606b5300f9ea419') in 0.022354 seconds 
========================================================================
Received Import Request.
  Time since last request: 95.353660 seconds.
  path: Assets/1_BlackHole/Particle/OrbEffect.vfx
  artifactKey: Guid(374f4c82a4584914ab96c4f1b9c8898a) Importer(815301076,1909f56bfc062723c751e8b465ee728b)
Start importing Assets/1_BlackHole/Particle/OrbEffect.vfx using Guid(374f4c82a4584914ab96c4f1b9c8898a) Importer(815301076,1909f56bfc062723c751e8b465ee728b)  -> (artifact id: '8e60773513f52f03d2142d2dc570b3fc') in 0.019476 seconds 
========================================================================
Received Import Request.
  Time since last request: 59.240713 seconds.
  path: Assets/1_BlackHole/Particle/OrbEffect.vfx
  artifactKey: Guid(374f4c82a4584914ab96c4f1b9c8898a) Importer(815301076,1909f56bfc062723c751e8b465ee728b)
Start importing Assets/1_BlackHole/Particle/OrbEffect.vfx using Guid(374f4c82a4584914ab96c4f1b9c8898a) Importer(815301076,1909f56bfc062723c751e8b465ee728b)  -> (artifact id: 'aaab0fdc8ec5eb42352d805c6121e64c') in 0.017865 seconds 
========================================================================
Received Import Request.
  Time since last request: 27.168776 seconds.
  path: Assets/1_BlackHole/Particle/OrbEffect.vfx
  artifactKey: Guid(374f4c82a4584914ab96c4f1b9c8898a) Importer(815301076,1909f56bfc062723c751e8b465ee728b)
Start importing Assets/1_BlackHole/Particle/OrbEffect.vfx using Guid(374f4c82a4584914ab96c4f1b9c8898a) Importer(815301076,1909f56bfc062723c751e8b465ee728b)  -> (artifact id: 'ef14f795ca948422e18c9d863ee9781c') in 0.024291 seconds 
========================================================================
Received Import Request.
  Time since last request: 224.816498 seconds.
  path: Assets/1_BlackHole/Particle/OrbEffect.vfx
  artifactKey: Guid(374f4c82a4584914ab96c4f1b9c8898a) Importer(815301076,1909f56bfc062723c751e8b465ee728b)
Start importing Assets/1_BlackHole/Particle/OrbEffect.vfx using Guid(374f4c82a4584914ab96c4f1b9c8898a) Importer(815301076,1909f56bfc062723c751e8b465ee728b)  -> (artifact id: '52e18c14a2adb07f966789ea988f6cea') in 0.233313 seconds 
========================================================================
Received Import Request.
  Time since last request: 60.640817 seconds.
  path: Assets/1_BlackHole/Particle/OrbEffect.vfx
  artifactKey: Guid(374f4c82a4584914ab96c4f1b9c8898a) Importer(815301076,1909f56bfc062723c751e8b465ee728b)
Start importing Assets/1_BlackHole/Particle/OrbEffect.vfx using Guid(374f4c82a4584914ab96c4f1b9c8898a) Importer(815301076,1909f56bfc062723c751e8b465ee728b)  -> (artifact id: '21c5353b4509836c7016e4e5785fce4b') in 0.046568 seconds 
========================================================================
Received Import Request.
  Time since last request: 117.844008 seconds.
  path: Assets/1_BlackHole/Particle/OrbEffect.vfx
  artifactKey: Guid(374f4c82a4584914ab96c4f1b9c8898a) Importer(815301076,1909f56bfc062723c751e8b465ee728b)
Start importing Assets/1_BlackHole/Particle/OrbEffect.vfx using Guid(374f4c82a4584914ab96c4f1b9c8898a) Importer(815301076,1909f56bfc062723c751e8b465ee728b)  -> (artifact id: '45c37956aa74e55226067f6f48c048da') in 0.345054 seconds 
========================================================================
Received Import Request.
  Time since last request: 20.096711 seconds.
  path: Assets/1_BlackHole/Particle/OrbEffect.vfx
  artifactKey: Guid(374f4c82a4584914ab96c4f1b9c8898a) Importer(815301076,1909f56bfc062723c751e8b465ee728b)
Start importing Assets/1_BlackHole/Particle/OrbEffect.vfx using Guid(374f4c82a4584914ab96c4f1b9c8898a) Importer(815301076,1909f56bfc062723c751e8b465ee728b)  -> (artifact id: '08c9a3e50354bf24a94701942750f7c6') in 0.323532 seconds 
========================================================================
Received Import Request.
  Time since last request: 21.670952 seconds.
  path: Assets/1_BlackHole/Particle/OrbEffect.vfx
  artifactKey: Guid(374f4c82a4584914ab96c4f1b9c8898a) Importer(815301076,1909f56bfc062723c751e8b465ee728b)
Start importing Assets/1_BlackHole/Particle/OrbEffect.vfx using Guid(374f4c82a4584914ab96c4f1b9c8898a) Importer(815301076,1909f56bfc062723c751e8b465ee728b)  -> (artifact id: '4efc75890bbaa75fe0f102a615bd6b10') in 0.682211 seconds 
========================================================================
Received Import Request.
  Time since last request: 217.166457 seconds.
  path: Assets/1_BlackHole/Particle/OrbEffect.vfx
  artifactKey: Guid(374f4c82a4584914ab96c4f1b9c8898a) Importer(815301076,1909f56bfc062723c751e8b465ee728b)
Start importing Assets/1_BlackHole/Particle/OrbEffect.vfx using Guid(374f4c82a4584914ab96c4f1b9c8898a) Importer(815301076,1909f56bfc062723c751e8b465ee728b)  -> (artifact id: '7f975741a652621d648034b5ab16b93f') in 0.301522 seconds 
========================================================================
Received Import Request.
  Time since last request: 56.263950 seconds.
  path: Assets/1_BlackHole/Particle/OrbEffect.vfx
  artifactKey: Guid(374f4c82a4584914ab96c4f1b9c8898a) Importer(815301076,1909f56bfc062723c751e8b465ee728b)
Start importing Assets/1_BlackHole/Particle/OrbEffect.vfx using Guid(374f4c82a4584914ab96c4f1b9c8898a) Importer(815301076,1909f56bfc062723c751e8b465ee728b)  -> (artifact id: '3cc187b8adea00dd7374743ba3be9ccc') in 0.262300 seconds 
========================================================================
Received Import Request.
  Time since last request: 210.403963 seconds.
  path: Assets/1_BlackHole/Particle/OrbEffect.vfx
  artifactKey: Guid(374f4c82a4584914ab96c4f1b9c8898a) Importer(815301076,1909f56bfc062723c751e8b465ee728b)
Start importing Assets/1_BlackHole/Particle/OrbEffect.vfx using Guid(374f4c82a4584914ab96c4f1b9c8898a) Importer(815301076,1909f56bfc062723c751e8b465ee728b)  -> (artifact id: 'adac8535a8357e2b5646801c12623fe3') in 0.276631 seconds 
========================================================================
Received Import Request.
  Time since last request: 22.258672 seconds.
  path: Assets/1_BlackHole/Particle/OrbEffect.vfx
  artifactKey: Guid(374f4c82a4584914ab96c4f1b9c8898a) Importer(815301076,1909f56bfc062723c751e8b465ee728b)
Start importing Assets/1_BlackHole/Particle/OrbEffect.vfx using Guid(374f4c82a4584914ab96c4f1b9c8898a) Importer(815301076,1909f56bfc062723c751e8b465ee728b)  -> (artifact id: '01e81ab6a7f473dfbb8b9756d119237b') in 0.019553 seconds 
========================================================================
Received Import Request.
  Time since last request: 3.662474 seconds.
  path: Assets/1_BlackHole/Particle/OrbEffect.vfx
  artifactKey: Guid(374f4c82a4584914ab96c4f1b9c8898a) Importer(815301076,1909f56bfc062723c751e8b465ee728b)
Start importing Assets/1_BlackHole/Particle/OrbEffect.vfx using Guid(374f4c82a4584914ab96c4f1b9c8898a) Importer(815301076,1909f56bfc062723c751e8b465ee728b)  -> (artifact id: '67aa1fe8d0ba78efb9d0d5c314aacc5c') in 0.020681 seconds 
========================================================================
Received Import Request.
  Time since last request: 399.040952 seconds.
  path: Assets/1_BlackHole/Particle/OrbEffect.vfx
  artifactKey: Guid(374f4c82a4584914ab96c4f1b9c8898a) Importer(815301076,1909f56bfc062723c751e8b465ee728b)
Start importing Assets/1_BlackHole/Particle/OrbEffect.vfx using Guid(374f4c82a4584914ab96c4f1b9c8898a) Importer(815301076,1909f56bfc062723c751e8b465ee728b)  -> (artifact id: '7263a3a60b5c9460e750100c2b156e18') in 0.335285 seconds 
========================================================================
Received Import Request.
  Time since last request: 21.962006 seconds.
  path: Assets/1_BlackHole/Particle/OrbEffect.vfx
  artifactKey: Guid(374f4c82a4584914ab96c4f1b9c8898a) Importer(815301076,1909f56bfc062723c751e8b465ee728b)
Start importing Assets/1_BlackHole/Particle/OrbEffect.vfx using Guid(374f4c82a4584914ab96c4f1b9c8898a) Importer(815301076,1909f56bfc062723c751e8b465ee728b)  -> (artifact id: '10a597a6225ca9a3ea756f2b0aadd532') in 0.020317 seconds 
========================================================================
Received Import Request.
  Time since last request: 6.270166 seconds.
  path: Assets/1_BlackHole/Particle/OrbEffect.vfx
  artifactKey: Guid(374f4c82a4584914ab96c4f1b9c8898a) Importer(815301076,1909f56bfc062723c751e8b465ee728b)
Start importing Assets/1_BlackHole/Particle/OrbEffect.vfx using Guid(374f4c82a4584914ab96c4f1b9c8898a) Importer(815301076,1909f56bfc062723c751e8b465ee728b)  -> (artifact id: 'f47aa0af37c8c144b1032dd580d6003b') in 0.018997 seconds 
========================================================================
Received Import Request.
  Time since last request: 38.695677 seconds.
  path: Assets/1_BlackHole/Particle/OrbEffect.vfx
  artifactKey: Guid(374f4c82a4584914ab96c4f1b9c8898a) Importer(815301076,1909f56bfc062723c751e8b465ee728b)
Start importing Assets/1_BlackHole/Particle/OrbEffect.vfx using Guid(374f4c82a4584914ab96c4f1b9c8898a) Importer(815301076,1909f56bfc062723c751e8b465ee728b)  -> (artifact id: '32da316313540ad86ca38b50ac68ce12') in 0.036726 seconds 
========================================================================
Received Import Request.
  Time since last request: 10.078852 seconds.
  path: Assets/1_BlackHole/Particle/OrbEffect.vfx
  artifactKey: Guid(374f4c82a4584914ab96c4f1b9c8898a) Importer(815301076,1909f56bfc062723c751e8b465ee728b)
Start importing Assets/1_BlackHole/Particle/OrbEffect.vfx using Guid(374f4c82a4584914ab96c4f1b9c8898a) Importer(815301076,1909f56bfc062723c751e8b465ee728b)  -> (artifact id: 'fdd6d58176b733e572c2067fb117b259') in 0.016643 seconds 
========================================================================
Received Import Request.
  Time since last request: 34.068604 seconds.
  path: Assets/1_BlackHole/Particle/OrbEffect.vfx
  artifactKey: Guid(374f4c82a4584914ab96c4f1b9c8898a) Importer(815301076,1909f56bfc062723c751e8b465ee728b)
Start importing Assets/1_BlackHole/Particle/OrbEffect.vfx using Guid(374f4c82a4584914ab96c4f1b9c8898a) Importer(815301076,1909f56bfc062723c751e8b465ee728b)  -> (artifact id: '3b86c4332c41eb55835662e04aa19945') in 0.021887 seconds 
========================================================================
Received Import Request.
  Time since last request: 20.257995 seconds.
  path: Assets/1_BlackHole/Particle/OrbEffect.vfx
  artifactKey: Guid(374f4c82a4584914ab96c4f1b9c8898a) Importer(815301076,1909f56bfc062723c751e8b465ee728b)
Start importing Assets/1_BlackHole/Particle/OrbEffect.vfx using Guid(374f4c82a4584914ab96c4f1b9c8898a) Importer(815301076,1909f56bfc062723c751e8b465ee728b)  -> (artifact id: '04f7249b9da080205e9bc10c03d295dc') in 0.019321 seconds 
========================================================================
Received Import Request.
  Time since last request: 14.581587 seconds.
  path: Assets/1_BlackHole/Particle/OrbEffect.vfx
  artifactKey: Guid(374f4c82a4584914ab96c4f1b9c8898a) Importer(815301076,1909f56bfc062723c751e8b465ee728b)
Start importing Assets/1_BlackHole/Particle/OrbEffect.vfx using Guid(374f4c82a4584914ab96c4f1b9c8898a) Importer(815301076,1909f56bfc062723c751e8b465ee728b)  -> (artifact id: '21dec71b214647075612380cf19696ef') in 0.016976 seconds 
========================================================================
Received Import Request.
  Time since last request: 26.118558 seconds.
  path: Assets/1_BlackHole/Particle/OrbEffect.vfx
  artifactKey: Guid(374f4c82a4584914ab96c4f1b9c8898a) Importer(815301076,1909f56bfc062723c751e8b465ee728b)
Start importing Assets/1_BlackHole/Particle/OrbEffect.vfx using Guid(374f4c82a4584914ab96c4f1b9c8898a) Importer(815301076,1909f56bfc062723c751e8b465ee728b)  -> (artifact id: '61d6e474a2fea431419f5a46017a07c9') in 0.021882 seconds 
========================================================================
Received Import Request.
  Time since last request: 4.007592 seconds.
  path: Assets/1_BlackHole/Particle/OrbEffect.vfx
  artifactKey: Guid(374f4c82a4584914ab96c4f1b9c8898a) Importer(815301076,1909f56bfc062723c751e8b465ee728b)
Start importing Assets/1_BlackHole/Particle/OrbEffect.vfx using Guid(374f4c82a4584914ab96c4f1b9c8898a) Importer(815301076,1909f56bfc062723c751e8b465ee728b)  -> (artifact id: '14dabb6e1cd52a0e0442327ffd700f44') in 0.018208 seconds 
========================================================================
Received Import Request.
  Time since last request: 124.241132 seconds.
  path: Assets/1_BlackHole/Particle/OrbEffect.vfx
  artifactKey: Guid(374f4c82a4584914ab96c4f1b9c8898a) Importer(815301076,1909f56bfc062723c751e8b465ee728b)
Start importing Assets/1_BlackHole/Particle/OrbEffect.vfx using Guid(374f4c82a4584914ab96c4f1b9c8898a) Importer(815301076,1909f56bfc062723c751e8b465ee728b)  -> (artifact id: '6efe60f40a6fb58309a48705a9f0355e') in 0.220827 seconds 
========================================================================
Received Import Request.
  Time since last request: 16.828541 seconds.
  path: Assets/1_BlackHole/Particle/OrbEffect.vfx
  artifactKey: Guid(374f4c82a4584914ab96c4f1b9c8898a) Importer(815301076,1909f56bfc062723c751e8b465ee728b)
Start importing Assets/1_BlackHole/Particle/OrbEffect.vfx using Guid(374f4c82a4584914ab96c4f1b9c8898a) Importer(815301076,1909f56bfc062723c751e8b465ee728b)  -> (artifact id: 'e31dd4bc407f498ad20ef1eb6aeeb168') in 0.227717 seconds 
========================================================================
Received Import Request.
  Time since last request: 13.360038 seconds.
  path: Assets/1_BlackHole/Particle/OrbEffect.vfx
  artifactKey: Guid(374f4c82a4584914ab96c4f1b9c8898a) Importer(815301076,1909f56bfc062723c751e8b465ee728b)
Start importing Assets/1_BlackHole/Particle/OrbEffect.vfx using Guid(374f4c82a4584914ab96c4f1b9c8898a) Importer(815301076,1909f56bfc062723c751e8b465ee728b)  -> (artifact id: '74c8dcea3ffaf72d395b299e5d417942') in 0.232029 seconds 
========================================================================
Received Import Request.
  Time since last request: 23.603104 seconds.
  path: Assets/1_BlackHole/Particle/OrbEffect.vfx
  artifactKey: Guid(374f4c82a4584914ab96c4f1b9c8898a) Importer(815301076,1909f56bfc062723c751e8b465ee728b)
Start importing Assets/1_BlackHole/Particle/OrbEffect.vfx using Guid(374f4c82a4584914ab96c4f1b9c8898a) Importer(815301076,1909f56bfc062723c751e8b465ee728b)  -> (artifact id: 'ca0dc5ae1f10c6c61a6bcf83d2132d5b') in 0.259242 seconds 
========================================================================
Received Import Request.
  Time since last request: 12.658797 seconds.
  path: Assets/1_BlackHole/Particle/OrbEffect.vfx
  artifactKey: Guid(374f4c82a4584914ab96c4f1b9c8898a) Importer(815301076,1909f56bfc062723c751e8b465ee728b)
Start importing Assets/1_BlackHole/Particle/OrbEffect.vfx using Guid(374f4c82a4584914ab96c4f1b9c8898a) Importer(815301076,1909f56bfc062723c751e8b465ee728b)  -> (artifact id: '1a21037d4bebf6dbc6699c8a2023b044') in 0.236607 seconds 
========================================================================
Received Import Request.
  Time since last request: 58.531304 seconds.
  path: Assets/1_BlackHole/Particle/OrbEffect.vfx
  artifactKey: Guid(374f4c82a4584914ab96c4f1b9c8898a) Importer(815301076,1909f56bfc062723c751e8b465ee728b)
Start importing Assets/1_BlackHole/Particle/OrbEffect.vfx using Guid(374f4c82a4584914ab96c4f1b9c8898a) Importer(815301076,1909f56bfc062723c751e8b465ee728b)  -> (artifact id: '1d1bdb76e4d20ac248721c5c37979aea') in 0.208919 seconds 
========================================================================
Received Import Request.
  Time since last request: 45.551574 seconds.
  path: Assets/1_BlackHole/Particle/OrbEffect.vfx
  artifactKey: Guid(374f4c82a4584914ab96c4f1b9c8898a) Importer(815301076,1909f56bfc062723c751e8b465ee728b)
Start importing Assets/1_BlackHole/Particle/OrbEffect.vfx using Guid(374f4c82a4584914ab96c4f1b9c8898a) Importer(815301076,1909f56bfc062723c751e8b465ee728b)  -> (artifact id: '5c0d43d186d5c0a62bc9cd890efc6235') in 0.240345 seconds 
========================================================================
Received Import Request.
  Time since last request: 38.294696 seconds.
  path: Assets/1_BlackHole/Particle/OrbEffect.vfx
  artifactKey: Guid(374f4c82a4584914ab96c4f1b9c8898a) Importer(815301076,1909f56bfc062723c751e8b465ee728b)
Start importing Assets/1_BlackHole/Particle/OrbEffect.vfx using Guid(374f4c82a4584914ab96c4f1b9c8898a) Importer(815301076,1909f56bfc062723c751e8b465ee728b)  -> (artifact id: 'a7ad475beb36e713a04715a92560b135') in 0.211108 seconds 
========================================================================
Received Import Request.
  Time since last request: 13.840479 seconds.
  path: Assets/1_BlackHole/Particle/OrbEffect.vfx
  artifactKey: Guid(374f4c82a4584914ab96c4f1b9c8898a) Importer(815301076,1909f56bfc062723c751e8b465ee728b)
Start importing Assets/1_BlackHole/Particle/OrbEffect.vfx using Guid(374f4c82a4584914ab96c4f1b9c8898a) Importer(815301076,1909f56bfc062723c751e8b465ee728b)  -> (artifact id: '6120d7156d573f86888f93391cb1cf68') in 0.249145 seconds 
========================================================================
Received Import Request.
  Time since last request: 35.077493 seconds.
  path: Assets/1_BlackHole/Particle/OrbEffect.vfx
  artifactKey: Guid(374f4c82a4584914ab96c4f1b9c8898a) Importer(815301076,1909f56bfc062723c751e8b465ee728b)
Start importing Assets/1_BlackHole/Particle/OrbEffect.vfx using Guid(374f4c82a4584914ab96c4f1b9c8898a) Importer(815301076,1909f56bfc062723c751e8b465ee728b)  -> (artifact id: 'e08799528d7123e339680385e98f95f1') in 0.205582 seconds 
========================================================================
Received Import Request.
  Time since last request: 4.358617 seconds.
  path: Assets/1_BlackHole/Particle/OrbEffect.vfx
  artifactKey: Guid(374f4c82a4584914ab96c4f1b9c8898a) Importer(815301076,1909f56bfc062723c751e8b465ee728b)
Start importing Assets/1_BlackHole/Particle/OrbEffect.vfx using Guid(374f4c82a4584914ab96c4f1b9c8898a) Importer(815301076,1909f56bfc062723c751e8b465ee728b)  -> (artifact id: '114a2f14d592b34d92aaeefb5729fb82') in 0.236905 seconds 
========================================================================
Received Import Request.
  Time since last request: 9.069842 seconds.
  path: Assets/1_BlackHole/Particle/OrbEffect.vfx
  artifactKey: Guid(374f4c82a4584914ab96c4f1b9c8898a) Importer(815301076,1909f56bfc062723c751e8b465ee728b)
Start importing Assets/1_BlackHole/Particle/OrbEffect.vfx using Guid(374f4c82a4584914ab96c4f1b9c8898a) Importer(815301076,1909f56bfc062723c751e8b465ee728b)  -> (artifact id: '78f9e9188c498dc4a1e555cd6cd35a13') in 0.221632 seconds 
========================================================================
Received Import Request.
  Time since last request: 4.057252 seconds.
  path: Assets/1_BlackHole/Particle/OrbEffect.vfx
  artifactKey: Guid(374f4c82a4584914ab96c4f1b9c8898a) Importer(815301076,1909f56bfc062723c751e8b465ee728b)
Start importing Assets/1_BlackHole/Particle/OrbEffect.vfx using Guid(374f4c82a4584914ab96c4f1b9c8898a) Importer(815301076,1909f56bfc062723c751e8b465ee728b)  -> (artifact id: '4a70ad17ff36df7378aef0b6a4a0f1c7') in 0.258714 seconds 
========================================================================
Received Import Request.
  Time since last request: 116.858497 seconds.
  path: Assets/1_BlackHole/Particle/OrbEffect.vfx
  artifactKey: Guid(374f4c82a4584914ab96c4f1b9c8898a) Importer(815301076,1909f56bfc062723c751e8b465ee728b)
Start importing Assets/1_BlackHole/Particle/OrbEffect.vfx using Guid(374f4c82a4584914ab96c4f1b9c8898a) Importer(815301076,1909f56bfc062723c751e8b465ee728b)  -> (artifact id: '7c9f369fcd7afad1a31a6a7523288eba') in 0.209392 seconds 
========================================================================
Received Import Request.
  Time since last request: 103.825696 seconds.
  path: Assets/1_BlackHole/Particle/OrbEffect.vfx
  artifactKey: Guid(374f4c82a4584914ab96c4f1b9c8898a) Importer(815301076,1909f56bfc062723c751e8b465ee728b)
Start importing Assets/1_BlackHole/Particle/OrbEffect.vfx using Guid(374f4c82a4584914ab96c4f1b9c8898a) Importer(815301076,1909f56bfc062723c751e8b465ee728b)  -> (artifact id: '3af30d1474e49b1f263dcfad54e8f2af') in 0.218933 seconds 
========================================================================
Received Import Request.
  Time since last request: 158.123746 seconds.
  path: Assets/1_BlackHole/Particle/OrbEffect.vfx
  artifactKey: Guid(374f4c82a4584914ab96c4f1b9c8898a) Importer(815301076,1909f56bfc062723c751e8b465ee728b)
Start importing Assets/1_BlackHole/Particle/OrbEffect.vfx using Guid(374f4c82a4584914ab96c4f1b9c8898a) Importer(815301076,1909f56bfc062723c751e8b465ee728b)  -> (artifact id: 'bd80e4c4b2b8889d52ad81a06fdfc8ef') in 0.210732 seconds 
========================================================================
Received Import Request.
  Time since last request: 52.771238 seconds.
  path: Assets/1_BlackHole/Particle/OrbEffect.vfx
  artifactKey: Guid(374f4c82a4584914ab96c4f1b9c8898a) Importer(815301076,1909f56bfc062723c751e8b465ee728b)
Start importing Assets/1_BlackHole/Particle/OrbEffect.vfx using Guid(374f4c82a4584914ab96c4f1b9c8898a) Importer(815301076,1909f56bfc062723c751e8b465ee728b)  -> (artifact id: 'fecae98a221b3ac0156ec716fcf7282a') in 0.696412 seconds 
========================================================================
Received Import Request.
  Time since last request: 2.800564 seconds.
  path: Assets/1_BlackHole/Particle/OrbEffect.vfx
  artifactKey: Guid(374f4c82a4584914ab96c4f1b9c8898a) Importer(815301076,1909f56bfc062723c751e8b465ee728b)
Start importing Assets/1_BlackHole/Particle/OrbEffect.vfx using Guid(374f4c82a4584914ab96c4f1b9c8898a) Importer(815301076,1909f56bfc062723c751e8b465ee728b)  -> (artifact id: 'd7869077aaa57a227a168d8560945f01') in 0.507048 seconds 
========================================================================
Received Import Request.
  Time since last request: 4.440506 seconds.
  path: Assets/1_BlackHole/Particle/OrbEffect.vfx
  artifactKey: Guid(374f4c82a4584914ab96c4f1b9c8898a) Importer(815301076,1909f56bfc062723c751e8b465ee728b)
Start importing Assets/1_BlackHole/Particle/OrbEffect.vfx using Guid(374f4c82a4584914ab96c4f1b9c8898a) Importer(815301076,1909f56bfc062723c751e8b465ee728b)  -> (artifact id: '3721f688553ca1dd9e3c9c13f558b96d') in 0.521683 seconds 
========================================================================
Received Import Request.
  Time since last request: 3.250533 seconds.
  path: Assets/1_BlackHole/Particle/OrbEffect.vfx
  artifactKey: Guid(374f4c82a4584914ab96c4f1b9c8898a) Importer(815301076,1909f56bfc062723c751e8b465ee728b)
Start importing Assets/1_BlackHole/Particle/OrbEffect.vfx using Guid(374f4c82a4584914ab96c4f1b9c8898a) Importer(815301076,1909f56bfc062723c751e8b465ee728b)  -> (artifact id: '17ab06bae70551d1e45089953875e6ee') in 0.361359 seconds 
========================================================================
Received Import Request.
  Time since last request: 5.906552 seconds.
  path: Assets/1_BlackHole/Particle/OrbEffect.vfx
  artifactKey: Guid(374f4c82a4584914ab96c4f1b9c8898a) Importer(815301076,1909f56bfc062723c751e8b465ee728b)
Start importing Assets/1_BlackHole/Particle/OrbEffect.vfx using Guid(374f4c82a4584914ab96c4f1b9c8898a) Importer(815301076,1909f56bfc062723c751e8b465ee728b)  -> (artifact id: 'd0f6c2d0a05fe6cb65cb8cacbe9e943f') in 0.252516 seconds 
========================================================================
Received Import Request.
  Time since last request: 254.426527 seconds.
  path: Assets/1_BlackHole/ShaderhOLE.shadergraph
  artifactKey: Guid(cee19430531e64a4aa031023f80733c1) Importer(815301076,1909f56bfc062723c751e8b465ee728b)
Start importing Assets/1_BlackHole/ShaderhOLE.shadergraph using Guid(cee19430531e64a4aa031023f80733c1) Importer(815301076,1909f56bfc062723c751e8b465ee728b)  -> (artifact id: '683e38b33ce3a2ff5121ff8988dc0642') in 0.022379 seconds 
========================================================================
Received Import Request.
  Time since last request: 8.026037 seconds.
  path: Assets/1_BlackHole/ShaderHole.shadergraph
  artifactKey: Guid(cee19430531e64a4aa031023f80733c1) Importer(815301076,1909f56bfc062723c751e8b465ee728b)
Start importing Assets/1_BlackHole/ShaderHole.shadergraph using Guid(cee19430531e64a4aa031023f80733c1) Importer(815301076,1909f56bfc062723c751e8b465ee728b)  -> (artifact id: 'ca3b13d760a843a8b7e6bbfa9288a782') in 0.005408 seconds 
========================================================================
Received Import Request.
  Time since last request: 584.979384 seconds.
  path: Assets/1_BlackHole/ShaderHole.shadergraph
  artifactKey: Guid(cee19430531e64a4aa031023f80733c1) Importer(815301076,1909f56bfc062723c751e8b465ee728b)
Start importing Assets/1_BlackHole/ShaderHole.shadergraph using Guid(cee19430531e64a4aa031023f80733c1) Importer(815301076,1909f56bfc062723c751e8b465ee728b)  -> (artifact id: '200cdfc2d1c7fd35f8722ce1ecdebd86') in 0.007996 seconds 
