Using pre-set license
Built from '2021.3/staging' branch; Version is '2021.3.18f1 (3129e69bc0c7) revision 3221990'; Using compiler version '192829333'; Build Type 'Release'
OS: 'Windows 10  (10.0.19044) 64bit Core' Language: 'es' Physical Memory: 16255 MB
BatchMode: 1, IsHumanControllingUs: 0, StartBugReporterOnCrash: 0, Is64bit: 1, IsPro: 1

COMMAND LINE ARGUMENTS:
E:\Unity\2021.3.18f1\Editor\Unity.exe
-adb2
-batchMode
-noUpm
-name
AssetImportWorker0
-projectPath
E:/DraconianoLeporidae-DL/WeaponRenderShowCase
-logFile
Logs/AssetImportWorker0.log
-srvPort
49160
Successfully changed project path to: E:/DraconianoLeporidae-DL/WeaponRenderShowCase
E:/DraconianoLeporidae-DL/WeaponRenderShowCase
[UnityMemory] Configuration Parameters - Can be set up in boot.config
    "memorysetup-bucket-allocator-granularity=16"
    "memorysetup-bucket-allocator-bucket-count=8"
    "memorysetup-bucket-allocator-block-size=33554432"
    "memorysetup-bucket-allocator-block-count=8"
    "memorysetup-main-allocator-block-size=16777216"
    "memorysetup-thread-allocator-block-size=16777216"
    "memorysetup-gfx-main-allocator-block-size=16777216"
    "memorysetup-gfx-thread-allocator-block-size=16777216"
    "memorysetup-cache-allocator-block-size=4194304"
    "memorysetup-typetree-allocator-block-size=2097152"
    "memorysetup-profiler-bucket-allocator-granularity=16"
    "memorysetup-profiler-bucket-allocator-bucket-count=8"
    "memorysetup-profiler-bucket-allocator-block-size=33554432"
    "memorysetup-profiler-bucket-allocator-block-count=8"
    "memorysetup-profiler-allocator-block-size=16777216"
    "memorysetup-profiler-editor-allocator-block-size=1048576"
    "memorysetup-temp-allocator-size-main=16777216"
    "memorysetup-job-temp-allocator-block-size=2097152"
    "memorysetup-job-temp-allocator-block-size-background=1048576"
    "memorysetup-job-temp-allocator-reduction-small-platforms=262144"
    "memorysetup-temp-allocator-size-background-worker=32768"
    "memorysetup-temp-allocator-size-job-worker=262144"
    "memorysetup-temp-allocator-size-preload-manager=33554432"
    "memorysetup-temp-allocator-size-nav-mesh-worker=65536"
    "memorysetup-temp-allocator-size-audio-worker=65536"
    "memorysetup-temp-allocator-size-cloud-worker=32768"
    "memorysetup-temp-allocator-size-gi-baking-worker=262144"
    "memorysetup-temp-allocator-size-gfx=262144"
Player connection [15364] Host "[IP] 192.168.1.4 [Port] 0 [Flags] 2 [Guid] 1049272161 [EditorId] 1049272161 [Version] 1048832 [Id] WindowsEditor(7,DESKTOP-K4PP8T0) [Debug] 1 [PackageName] WindowsEditor [ProjectName] Editor" joined multi-casting on [225.0.0.222:54997]...

Player connection [15364] Host "[IP] 192.168.1.4 [Port] 0 [Flags] 2 [Guid] 1049272161 [EditorId] 1049272161 [Version] 1048832 [Id] WindowsEditor(7,DESKTOP-K4PP8T0) [Debug] 1 [PackageName] WindowsEditor [ProjectName] Editor" joined alternative multi-casting on [225.0.0.222:34997]...

Refreshing native plugins compatible for Editor in 288.34 ms, found 3 plugins.
Preloading 0 native plugins for Editor in 0.00 ms.
Initialize engine version: 2021.3.18f1 (3129e69bc0c7)
[Subsystems] Discovering subsystems at path E:/Unity/2021.3.18f1/Editor/Data/Resources/UnitySubsystems
[Subsystems] Discovering subsystems at path E:/DraconianoLeporidae-DL/WeaponRenderShowCase/Assets
GfxDevice: creating device client; threaded=0; jobified=0
Direct3D:
    Version:  Direct3D 11.0 [level 11.1]
    Renderer: NVIDIA GeForce GTX 1070 (ID=0x1ba1)
    Vendor:   NVIDIA
    VRAM:     8074 MB
    Driver:   31.0.15.2849
Initialize mono
Mono path[0] = 'E:/Unity/2021.3.18f1/Editor/Data/Managed'
Mono path[1] = 'E:/Unity/2021.3.18f1/Editor/Data/MonoBleedingEdge/lib/mono/unityjit-win32'
Mono config path = 'E:/Unity/2021.3.18f1/Editor/Data/MonoBleedingEdge/etc'
Using monoOptions --debugger-agent=transport=dt_socket,embedding=1,server=y,suspend=n,address=127.0.0.1:56516
Begin MonoManager ReloadAssembly
Registering precompiled unity dll's ...
Register platform support module: E:/Unity/2021.3.18f1/Editor/Data/PlaybackEngines/WindowsStandaloneSupport/UnityEditor.WindowsStandalone.Extensions.dll
Registered in 0.004514 seconds.
Native extension for WindowsStandalone target not found
Refreshing native plugins compatible for Editor in 264.74 ms, found 3 plugins.
Preloading 0 native plugins for Editor in 0.00 ms.
Mono: successfully reloaded assembly
- Completed reload, in  1.185 seconds
Domain Reload Profiling:
	ReloadAssembly (1185ms)
		BeginReloadAssembly (134ms)
			ExecutionOrderSort (0ms)
			DisableScriptedObjects (0ms)
			BackupInstance (0ms)
			ReleaseScriptingObjects (0ms)
			CreateAndSetChildDomain (1ms)
		EndReloadAssembly (876ms)
			LoadAssemblies (133ms)
			RebuildTransferFunctionScriptingTraits (0ms)
			SetupTypeCache (187ms)
			ReleaseScriptCaches (0ms)
			RebuildScriptCaches (44ms)
			SetupLoadedEditorAssemblies (566ms)
				LogAssemblyErrors (0ms)
				InitializePlatformSupportModulesInManaged (10ms)
				SetLoadedEditorAssemblies (0ms)
				RefreshPlugins (265ms)
				BeforeProcessingInitializeOnLoad (2ms)
				ProcessInitializeOnLoadAttributes (203ms)
				ProcessInitializeOnLoadMethodAttributes (86ms)
				AfterProcessingInitializeOnLoad (0ms)
				EditorAssembliesLoaded (0ms)
			ExecutionOrderSort2 (0ms)
			AwakeInstancesAfterBackupRestoration (0ms)
Platform modules already initialized, skipping
Registering precompiled user dll's ...
Registered in 0.009575 seconds.
Begin MonoManager ReloadAssembly
Symbol file LoadedFromMemory doesn't match image E:\DraconianoLeporidae-DL\WeaponRenderShowCase\Library\PackageCache\com.unity.visualscripting@1.8.0\Editor\VisualScripting.Core\Dependencies\YamlDotNet\Unity.VisualScripting.YamlDotNet.dll
Symbol file LoadedFromMemory doesn't match image E:\DraconianoLeporidae-DL\WeaponRenderShowCase\Library\PackageCache\com.unity.visualscripting@1.8.0\Editor\VisualScripting.Core\Dependencies\DotNetZip\Unity.VisualScripting.IonicZip.dll
Native extension for WindowsStandalone target not found
Refreshing native plugins compatible for Editor in 288.68 ms, found 3 plugins.
Preloading 0 native plugins for Editor in 0.00 ms.
Mono: successfully reloaded assembly
- Completed reload, in  2.700 seconds
Domain Reload Profiling:
	ReloadAssembly (2702ms)
		BeginReloadAssembly (188ms)
			ExecutionOrderSort (0ms)
			DisableScriptedObjects (8ms)
			BackupInstance (0ms)
			ReleaseScriptingObjects (0ms)
			CreateAndSetChildDomain (32ms)
		EndReloadAssembly (2319ms)
			LoadAssemblies (159ms)
			RebuildTransferFunctionScriptingTraits (0ms)
			SetupTypeCache (591ms)
			ReleaseScriptCaches (4ms)
			RebuildScriptCaches (231ms)
			SetupLoadedEditorAssemblies (1246ms)
				LogAssemblyErrors (0ms)
				InitializePlatformSupportModulesInManaged (7ms)
				SetLoadedEditorAssemblies (0ms)
				RefreshPlugins (289ms)
				BeforeProcessingInitializeOnLoad (190ms)
				ProcessInitializeOnLoadAttributes (624ms)
				ProcessInitializeOnLoadMethodAttributes (127ms)
				AfterProcessingInitializeOnLoad (8ms)
				EditorAssembliesLoaded (0ms)
			ExecutionOrderSort2 (0ms)
			AwakeInstancesAfterBackupRestoration (17ms)
Platform modules already initialized, skipping
========================================================================
Worker process is ready to serve import requests
Launched and connected shader compiler UnityShaderCompiler.exe after 0.19 seconds
Refreshing native plugins compatible for Editor in 3.93 ms, found 3 plugins.
Preloading 0 native plugins for Editor in 0.00 ms.
Unloading 6378 Unused Serialized files (Serialized files now loaded: 0)
Unloading 143 unused Assets / (11.8 MB). Loaded Objects now: 6731.
Memory consumption went from 421.1 MB to 409.3 MB.
Total: 14.280900 ms (FindLiveObjects: 0.941200 ms CreateObjectMapping: 1.577600 ms MarkObjects: 7.440500 ms  DeleteObjects: 4.320000 ms)

AssetImportParameters requested are different than current active one (requested -> active):
  custom:video-decoder-ogg-theora: a1e56fd34408186e4bbccfd4996cb3dc -> 
  custom:container-muxer-webm: aa71ff27fc2769a1b78a27578f13a17b -> 
  custom:container-demuxer-webm: 4f35f7cbe854078d1ac9338744f61a02 -> 
  custom:video-encoder-webm-vp8: eb34c28f22e8b96e1ab97ce403110664 -> 
  custom:audio-encoder-webm-vorbis: bf7c407c2cedff20999df2af8eb42d56 -> 
  custom:framework-win-MediaFoundation: 216162199b28c13a410421893ffa2e32 -> 
  custom:container-demuxer-ogg: 62fdf1f143b41e24485cea50d1cbac27 -> 
  custom:video-decoder-webm-vp8: 9c59270c3fd7afecdb556c50c9e8de78 -> 
  custom:audio-decoder-ogg-vorbis: bf7c407c2cedff20999df2af8eb42d56 -> 
========================================================================
Received Import Request.
  Time since last request: 49026.794728 seconds.
  path: Assets/3dAssets/bullet_shell_low_DefaultMaterial_Normal.png
  artifactKey: Guid(6e12a687289c9aa4bb20e46cc3370a3a) Importer(815301076,1909f56bfc062723c751e8b465ee728b)
Start importing Assets/3dAssets/bullet_shell_low_DefaultMaterial_Normal.png using Guid(6e12a687289c9aa4bb20e46cc3370a3a) Importer(815301076,1909f56bfc062723c751e8b465ee728b)  -> (artifact id: '7d1090ab8bdd731a2131e0f09498c75f') in 0.563470 seconds 
========================================================================
Received Import Request.
  Time since last request: 0.000105 seconds.
  path: Assets/3dAssets/bullet_shell_low_DefaultMaterial_SpecularSmoothness.png
  artifactKey: Guid(7e212fc2877179647bcb2f80715509f2) Importer(815301076,1909f56bfc062723c751e8b465ee728b)
Start importing Assets/3dAssets/bullet_shell_low_DefaultMaterial_SpecularSmoothness.png using Guid(7e212fc2877179647bcb2f80715509f2) Importer(815301076,1909f56bfc062723c751e8b465ee728b)  -> (artifact id: '2dbdd90a68f64562d9318010093eccca') in 0.261574 seconds 
========================================================================
Received Import Request.
  Time since last request: 0.000079 seconds.
  path: Assets/3dAssets/bullet_shell_mat.mat
  artifactKey: Guid(f1a3d66fd77e7d148830d3a2c86d9a1b) Importer(815301076,1909f56bfc062723c751e8b465ee728b)
Start importing Assets/3dAssets/bullet_shell_mat.mat using Guid(f1a3d66fd77e7d148830d3a2c86d9a1b) Importer(815301076,1909f56bfc062723c751e8b465ee728b)  -> (artifact id: '44cdea6c8e3c56978a7c7760668f1a46') in 1.419133 seconds 
========================================================================
Received Import Request.
  Time since last request: 0.000054 seconds.
  path: Assets/3dAssets/Cartuccia_3D_GOLD.fbx
  artifactKey: Guid(065b99adf1c940e48a98ab9d39c4c9c1) Importer(815301076,1909f56bfc062723c751e8b465ee728b)
Start importing Assets/3dAssets/Cartuccia_3D_GOLD.fbx using Guid(065b99adf1c940e48a98ab9d39c4c9c1) Importer(815301076,1909f56bfc062723c751e8b465ee728b)  -> (artifact id: '4cf871a60c5da1f36519849f8dd4965c') in 2.332834 seconds 
========================================================================
Received Import Request.
  Time since last request: 17.351934 seconds.
  path: Assets/3dAssets/ForEffects
  artifactKey: Guid(fef51bf1ab94e3f4ca894ac0b8bf8efb) Importer(815301076,1909f56bfc062723c751e8b465ee728b)
Start importing Assets/3dAssets/ForEffects using Guid(fef51bf1ab94e3f4ca894ac0b8bf8efb) Importer(815301076,1909f56bfc062723c751e8b465ee728b)  -> (artifact id: 'c29c17b3f0dea104caee68146307730d') in 0.003060 seconds 
========================================================================
Received Import Request.
  Time since last request: 3.010127 seconds.
  path: Assets/Materials
  artifactKey: Guid(d0234ba368eeec9418390da711bfdad0) Importer(815301076,1909f56bfc062723c751e8b465ee728b)
Start importing Assets/Materials using Guid(d0234ba368eeec9418390da711bfdad0) Importer(815301076,1909f56bfc062723c751e8b465ee728b)  -> (artifact id: '83ba00896bd7bf65fb5a99f472f277dc') in 0.002128 seconds 
========================================================================
Received Import Request.
  Time since last request: 204.419236 seconds.
  path: Assets/Scripts/Manager/CManagerWeapon.cs
  artifactKey: Guid(91e62f8563f26b640a43abbec44a35ed) Importer(815301076,1909f56bfc062723c751e8b465ee728b)
Start importing Assets/Scripts/Manager/CManagerWeapon.cs using Guid(91e62f8563f26b640a43abbec44a35ed) Importer(815301076,1909f56bfc062723c751e8b465ee728b)  -> (artifact id: '7e12a62d3cd8e2de0ca99fba00ac87b1') in 0.010129 seconds 
========================================================================
Received Import Request.
  Time since last request: 0.293681 seconds.
  path: Assets/Scripts/Manager
  artifactKey: Guid(56325b8e9e339bd469717d349af7c167) Importer(815301076,1909f56bfc062723c751e8b465ee728b)
Start importing Assets/Scripts/Manager using Guid(56325b8e9e339bd469717d349af7c167) Importer(815301076,1909f56bfc062723c751e8b465ee728b)  -> (artifact id: '6af323b3a16e9db7ea748032bc24191c') in 0.061161 seconds 
========================================================================
Received Import Request.
  Time since last request: 4.827850 seconds.
  path: Assets/Scripts/Manager/Weapon
  artifactKey: Guid(f4db2fdd7f2f1d3469b070ff0d502ae2) Importer(815301076,1909f56bfc062723c751e8b465ee728b)
Start importing Assets/Scripts/Manager/Weapon using Guid(f4db2fdd7f2f1d3469b070ff0d502ae2) Importer(815301076,1909f56bfc062723c751e8b465ee728b)  -> (artifact id: '8169ef93c331e7319ae618677f21d22e') in 0.003719 seconds 
========================================================================
Received Import Request.
  Time since last request: 13.797060 seconds.
  path: Assets/Scripts/Manager/Weapon/CSpawnWeapon.cs
  artifactKey: Guid(34ab5cabb5d4d9648a0623479d1ff966) Importer(815301076,1909f56bfc062723c751e8b465ee728b)
Start importing Assets/Scripts/Manager/Weapon/CSpawnWeapon.cs using Guid(34ab5cabb5d4d9648a0623479d1ff966) Importer(815301076,1909f56bfc062723c751e8b465ee728b)  -> (artifact id: 'c593070048c5dd1ee4f54322340e7ec0') in 0.003263 seconds 
========================================================================
Received Import Request.
  Time since last request: 9.388809 seconds.
  path: Assets/Scripts/Manager/Weapon/CDesequip.cs
  artifactKey: Guid(a94c8101016efac4c9ee9896a1704d35) Importer(815301076,1909f56bfc062723c751e8b465ee728b)
Start importing Assets/Scripts/Manager/Weapon/CDesequip.cs using Guid(a94c8101016efac4c9ee9896a1704d35) Importer(815301076,1909f56bfc062723c751e8b465ee728b)  -> (artifact id: '0b523840ceabb86a762490a3dbb5f60a') in 0.007376 seconds 
========================================================================
Received Prepare
Registering precompiled user dll's ...
Registered in 0.009281 seconds.
Begin MonoManager ReloadAssembly
Symbol file LoadedFromMemory doesn't match image E:\DraconianoLeporidae-DL\WeaponRenderShowCase\Library\PackageCache\com.unity.visualscripting@1.8.0\Editor\VisualScripting.Core\Dependencies\YamlDotNet\Unity.VisualScripting.YamlDotNet.dll
Symbol file LoadedFromMemory doesn't match image E:\DraconianoLeporidae-DL\WeaponRenderShowCase\Library\PackageCache\com.unity.visualscripting@1.8.0\Editor\VisualScripting.Core\Dependencies\DotNetZip\Unity.VisualScripting.IonicZip.dll
Native extension for WindowsStandalone target not found
Refreshing native plugins compatible for Editor in 2.10 ms, found 3 plugins.
Preloading 0 native plugins for Editor in 0.00 ms.
Mono: successfully reloaded assembly
- Completed reload, in 13.563 seconds
Domain Reload Profiling:
	ReloadAssembly (13564ms)
		BeginReloadAssembly (3498ms)
			ExecutionOrderSort (0ms)
			DisableScriptedObjects (14ms)
			BackupInstance (0ms)
			ReleaseScriptingObjects (0ms)
			CreateAndSetChildDomain (69ms)
		EndReloadAssembly (9824ms)
			LoadAssemblies (7627ms)
			RebuildTransferFunctionScriptingTraits (0ms)
			SetupTypeCache (599ms)
			ReleaseScriptCaches (5ms)
			RebuildScriptCaches (175ms)
			SetupLoadedEditorAssemblies (751ms)
				LogAssemblyErrors (0ms)
				InitializePlatformSupportModulesInManaged (19ms)
				SetLoadedEditorAssemblies (1ms)
				RefreshPlugins (2ms)
				BeforeProcessingInitializeOnLoad (158ms)
				ProcessInitializeOnLoadAttributes (518ms)
				ProcessInitializeOnLoadMethodAttributes (47ms)
				AfterProcessingInitializeOnLoad (6ms)
				EditorAssembliesLoaded (0ms)
			ExecutionOrderSort2 (0ms)
			AwakeInstancesAfterBackupRestoration (38ms)
Platform modules already initialized, skipping
Script is not up to date after domain reload: guid(5ef8c8947ba42a640b9fbd6636d184c6) path("Assets/Scripts/Manager/Weapon/CDesequipWeapon.cs") state(2)
Script is not up to date after domain reload: guid(406888ef40dd33442b99e9c7ce82b3a9) path("Assets/Scripts/Manager/Weapon/CHaveWeaponPlayer.cs") state(2)
Script is not up to date after domain reload: guid(826abfd2dab66d14eb9c0702aa25f5b2) path("Assets/Scripts/Manager/Weapon/CDropWeapon.cs") state(2)
